  executionservice.cpp
G:\Baruch MFE\software\TradingSystem\TradingSystem\executionservice.cpp(17,2): error C2953: 'ExecutionService': class template has already been defined
G:\Baruch MFE\software\TradingSystem\TradingSystem\executionservice.cpp(9): message : see declaration of 'ExecutionService'
G:\Baruch MFE\software\TradingSystem\TradingSystem\executionservice.cpp(20,20): error C2995: 'ExecutionOrder<T>::ExecutionOrder(const T &,PricingSide,std::string,OrderType,double,double,double,std::string,bool)': function template has already been defined
G:\Baruch MFE\software\TradingSystem\TradingSystem\executionservice.h(29): message : see declaration of 'ExecutionOrder<T>::ExecutionOrder'
G:\Baruch MFE\software\TradingSystem\TradingSystem\executionservice.cpp(34,29): error C2995: 'const T &ExecutionOrder<T>::GetProduct(void) const': function template has already been defined
G:\Baruch MFE\software\TradingSystem\TradingSystem\executionservice.h(32): message : see declaration of 'ExecutionOrder<T>::GetProduct'
G:\Baruch MFE\software\TradingSystem\TradingSystem\executionservice.cpp(40,34): error C2995: 'const std::string &ExecutionOrder<T>::GetOrderId(void) const': function template has already been defined
G:\Baruch MFE\software\TradingSystem\TradingSystem\executionservice.h(35): message : see declaration of 'ExecutionOrder<T>::GetOrderId'
G:\Baruch MFE\software\TradingSystem\TradingSystem\executionservice.cpp(46,30): error C2995: 'OrderType ExecutionOrder<T>::GetOrderType(void) const': function template has already been defined
G:\Baruch MFE\software\TradingSystem\TradingSystem\executionservice.h(38): message : see declaration of 'ExecutionOrder<T>::GetOrderType'
G:\Baruch MFE\software\TradingSystem\TradingSystem\executionservice.cpp(52,27): error C2995: 'double ExecutionOrder<T>::GetPrice(void) const': function template has already been defined
G:\Baruch MFE\software\TradingSystem\TradingSystem\executionservice.h(41): message : see declaration of 'ExecutionOrder<T>::GetPrice'
G:\Baruch MFE\software\TradingSystem\TradingSystem\executionservice.cpp(58,25): error C2995: 'long ExecutionOrder<T>::GetVisibleQuantity(void) const': function template has already been defined
G:\Baruch MFE\software\TradingSystem\TradingSystem\executionservice.h(44): message : see declaration of 'ExecutionOrder<T>::GetVisibleQuantity'
G:\Baruch MFE\software\TradingSystem\TradingSystem\executionservice.cpp(64,25): error C2995: 'long ExecutionOrder<T>::GetHiddenQuantity(void) const': function template has already been defined
G:\Baruch MFE\software\TradingSystem\TradingSystem\executionservice.h(47): message : see declaration of 'ExecutionOrder<T>::GetHiddenQuantity'
G:\Baruch MFE\software\TradingSystem\TradingSystem\executionservice.cpp(70,34): error C2995: 'const std::string &ExecutionOrder<T>::GetParentOrderId(void) const': function template has already been defined
G:\Baruch MFE\software\TradingSystem\TradingSystem\executionservice.h(50): message : see declaration of 'ExecutionOrder<T>::GetParentOrderId'
G:\Baruch MFE\software\TradingSystem\TradingSystem\executionservice.cpp(76,25): error C2995: 'bool ExecutionOrder<T>::IsChildOrder(void) const': function template has already been defined
G:\Baruch MFE\software\TradingSystem\TradingSystem\executionservice.h(53): message : see declaration of 'ExecutionOrder<T>::IsChildOrder'
G:\Baruch MFE\software\TradingSystem\TradingSystem\executionservice.cpp(82,35): error C2039: 'ToStrings': is not a member of 'ExecutionOrder<T>'
G:\Baruch MFE\software\TradingSystem\TradingSystem\executionservice.cpp(83,1): error C2447: '{': missing function header (old-style formal list?)
G:\Baruch MFE\software\TradingSystem\TradingSystem\executionservice.cpp(144,14): error C2988: unrecognizable template declaration/definition
G:\Baruch MFE\software\TradingSystem\TradingSystem\executionservice.cpp(144,14): error C2143: syntax error: missing ';' before '<'
G:\Baruch MFE\software\TradingSystem\TradingSystem\executionservice.cpp(144,14): error C2059: syntax error: '<'
G:\Baruch MFE\software\TradingSystem\TradingSystem\executionservice.cpp(144,19): error C2039: 'AlgoExecution': is not a member of '`global namespace''
G:\Baruch MFE\software\TradingSystem\TradingSystem\executionservice.cpp(145,1): error C2143: syntax error: missing ';' before '{'
G:\Baruch MFE\software\TradingSystem\TradingSystem\executionservice.cpp(145,1): error C2447: '{': missing function header (old-style formal list?)
G:\Baruch MFE\software\TradingSystem\TradingSystem\executionservice.cpp(150,33): error C2988: unrecognizable template declaration/definition
G:\Baruch MFE\software\TradingSystem\TradingSystem\executionservice.cpp(150,33): error C2143: syntax error: missing ';' before '<'
G:\Baruch MFE\software\TradingSystem\TradingSystem\executionservice.cpp(150,33): error C2059: syntax error: '<'
G:\Baruch MFE\software\TradingSystem\TradingSystem\executionservice.cpp(150,38): error C2039: 'GetExecutionOrder': is not a member of '`global namespace''
G:\Baruch MFE\software\TradingSystem\TradingSystem\executionservice.cpp(151,1): error C2143: syntax error: missing ';' before '{'
G:\Baruch MFE\software\TradingSystem\TradingSystem\executionservice.cpp(151,1): error C2447: '{': missing function header (old-style formal list?)
G:\Baruch MFE\software\TradingSystem\TradingSystem\executionservice.cpp(156,21): error C2988: unrecognizable template declaration/definition
G:\Baruch MFE\software\TradingSystem\TradingSystem\executionservice.cpp(156,21): error C2143: syntax error: missing ';' before '<'
G:\Baruch MFE\software\TradingSystem\TradingSystem\executionservice.cpp(156,21): error C2059: syntax error: '<'
G:\Baruch MFE\software\TradingSystem\TradingSystem\executionservice.cpp(156,26): error C2039: 'AlgoExecutionService': is not a member of '`global namespace''
G:\Baruch MFE\software\TradingSystem\TradingSystem\executionservice.cpp(157,1): error C2143: syntax error: missing ';' before '{'
G:\Baruch MFE\software\TradingSystem\TradingSystem\executionservice.cpp(157,1): error C2447: '{': missing function header (old-style formal list?)
G:\Baruch MFE\software\TradingSystem\TradingSystem\executionservice.cpp(166,21): error C2988: unrecognizable template declaration/definition
G:\Baruch MFE\software\TradingSystem\TradingSystem\executionservice.cpp(166,21): error C2143: syntax error: missing ';' before '<'
G:\Baruch MFE\software\TradingSystem\TradingSystem\executionservice.cpp(166,21): error C2059: syntax error: '<'
G:\Baruch MFE\software\TradingSystem\TradingSystem\executionservice.cpp(166,27): error C2523: '::~AlgoExecutionService': destructor tag mismatch
G:\Baruch MFE\software\TradingSystem\TradingSystem\executionservice.cpp(166,27): error C2039: 'AlgoExecutionService': is not a member of '`global namespace''
G:\Baruch MFE\software\TradingSystem\TradingSystem\executionservice.cpp(166,50): error C2143: syntax error: missing ';' before '{'
G:\Baruch MFE\software\TradingSystem\TradingSystem\executionservice.cpp(166,50): error C2447: '{': missing function header (old-style formal list?)
G:\Baruch MFE\software\TradingSystem\TradingSystem\executionservice.cpp(169,1): error C2988: unrecognizable template declaration/definition
G:\Baruch MFE\software\TradingSystem\TradingSystem\executionservice.cpp(169,1): error C2059: syntax error: ''symbol''
G:\Baruch MFE\software\TradingSystem\TradingSystem\executionservice.cpp(169,44): error C2039: 'GetData': is not a member of '`global namespace''
G:\Baruch MFE\software\TradingSystem\TradingSystem\executionservice.cpp(170,1): error C2143: syntax error: missing ';' before '{'
G:\Baruch MFE\software\TradingSystem\TradingSystem\executionservice.cpp(170,1): error C2447: '{': missing function header (old-style formal list?)
G:\Baruch MFE\software\TradingSystem\TradingSystem\executionservice.cpp(175,26): error C2988: unrecognizable template declaration/definition
G:\Baruch MFE\software\TradingSystem\TradingSystem\executionservice.cpp(175,26): error C2143: syntax error: missing ';' before '<'
G:\Baruch MFE\software\TradingSystem\TradingSystem\executionservice.cpp(175,6): error C2182: 'AlgoExecutionService': this use of 'void' is not valid
G:\Baruch MFE\software\TradingSystem\TradingSystem\executionservice.cpp(175,26): error C2059: syntax error: '<'
G:\Baruch MFE\software\TradingSystem\TradingSystem\executionservice.cpp(175,31): error C2039: 'OnMessage': is not a member of '`global namespace''
G:\Baruch MFE\software\TradingSystem\TradingSystem\executionservice.cpp(176,1): error C2143: syntax error: missing ';' before '{'
G:\Baruch MFE\software\TradingSystem\TradingSystem\executionservice.cpp(176,1): error C2447: '{': missing function header (old-style formal list?)
G:\Baruch MFE\software\TradingSystem\TradingSystem\executionservice.cpp(181,26): error C2988: unrecognizable template declaration/definition
G:\Baruch MFE\software\TradingSystem\TradingSystem\executionservice.cpp(181,26): error C2143: syntax error: missing ';' before '<'
G:\Baruch MFE\software\TradingSystem\TradingSystem\executionservice.cpp(181,6): error C2182: 'AlgoExecutionService': this use of 'void' is not valid
G:\Baruch MFE\software\TradingSystem\TradingSystem\executionservice.cpp(181,6): error C2374: 'AlgoExecutionService': redefinition; multiple initialization
G:\Baruch MFE\software\TradingSystem\TradingSystem\executionservice.cpp(181,26): error C2059: syntax error: '<'
G:\Baruch MFE\software\TradingSystem\TradingSystem\executionservice.cpp(181,31): error C2039: 'AddListener': is not a member of '`global namespace''
G:\Baruch MFE\software\TradingSystem\TradingSystem\executionservice.cpp(181,73): error C2065: 'T': undeclared identifier
G:\Baruch MFE\software\TradingSystem\TradingSystem\executionservice.cpp(181,43): error C2974: 'ServiceListener': invalid template argument for 'V', type expected
G:\Baruch MFE\software\TradingSystem\TradingSystem\soa.hpp(22): message : see declaration of 'ServiceListener'
G:\Baruch MFE\software\TradingSystem\TradingSystem\executionservice.cpp(182,1): error C2143: syntax error: missing ';' before '{'
G:\Baruch MFE\software\TradingSystem\TradingSystem\executionservice.cpp(182,1): error C2447: '{': missing function header (old-style formal list?)
G:\Baruch MFE\software\TradingSystem\TradingSystem\executionservice.cpp(187,14): error C2974: 'ServiceListener': invalid template argument for 'V', type expected
G:\Baruch MFE\software\TradingSystem\TradingSystem\soa.hpp(22): message : see declaration of 'ServiceListener'
G:\Baruch MFE\software\TradingSystem\TradingSystem\executionservice.cpp(187,14): error C3203: 'ServiceListener': unspecialized class template can't be used as a template argument for template parameter '_Ty', expected a real type
G:\Baruch MFE\software\TradingSystem\TradingSystem\executionservice.cpp(187,48): error C2988: unrecognizable template declaration/definition
G:\Baruch MFE\software\TradingSystem\TradingSystem\executionservice.cpp(187,48): error C2059: syntax error: '>'
G:\Baruch MFE\software\TradingSystem\TradingSystem\executionservice.cpp(187,76): error C2039: 'GetListeners': is not a member of '`global namespace''
G:\Baruch MFE\software\TradingSystem\TradingSystem\executionservice.cpp(188,1): error C2143: syntax error: missing ';' before '{'
G:\Baruch MFE\software\TradingSystem\TradingSystem\executionservice.cpp(188,1): error C2447: '{': missing function header (old-style formal list?)
G:\Baruch MFE\software\TradingSystem\TradingSystem\executionservice.cpp(193,34): error C2988: unrecognizable template declaration/definition
G:\Baruch MFE\software\TradingSystem\TradingSystem\executionservice.cpp(193,34): error C2143: syntax error: missing ';' before '<'
G:\Baruch MFE\software\TradingSystem\TradingSystem\executionservice.cpp(193,34): error C2059: syntax error: '<'
G:\Baruch MFE\software\TradingSystem\TradingSystem\executionservice.cpp(193,64): error C2039: 'GetListener': is not a member of '`global namespace''
G:\Baruch MFE\software\TradingSystem\TradingSystem\executionservice.cpp(194,1): error C2143: syntax error: missing ';' before '{'
G:\Baruch MFE\software\TradingSystem\TradingSystem\executionservice.cpp(194,1): error C2447: '{': missing function header (old-style formal list?)
G:\Baruch MFE\software\TradingSystem\TradingSystem\executionservice.cpp(199,26): error C2988: unrecognizable template declaration/definition
G:\Baruch MFE\software\TradingSystem\TradingSystem\executionservice.cpp(199,26): error C2143: syntax error: missing ';' before '<'
G:\Baruch MFE\software\TradingSystem\TradingSystem\executionservice.cpp(199,6): error C2182: 'AlgoExecutionService': this use of 'void' is not valid
G:\Baruch MFE\software\TradingSystem\TradingSystem\executionservice.cpp(199,6): error C2374: 'AlgoExecutionService': redefinition; multiple initialization
G:\Baruch MFE\software\TradingSystem\TradingSystem\executionservice.cpp(199,26): error C2059: syntax error: '<'
G:\Baruch MFE\software\TradingSystem\TradingSystem\executionservice.cpp(199,31): error C2039: 'AlgoExecuteOrder': is not a member of '`global namespace''
G:\Baruch MFE\software\TradingSystem\TradingSystem\executionservice.cpp(199,58): error C2065: 'T': undeclared identifier
G:\Baruch MFE\software\TradingSystem\TradingSystem\executionservice.cpp(199,48): error C2923: 'OrderBook': 'T' is not a valid template type argument for parameter 'T'
G:\Baruch MFE\software\TradingSystem\TradingSystem\executionservice.cpp(199): message : see declaration of 'T'
G:\Baruch MFE\software\TradingSystem\TradingSystem\executionservice.cpp(200,1): error C2143: syntax error: missing ';' before '{'
G:\Baruch MFE\software\TradingSystem\TradingSystem\executionservice.cpp(200,1): error C2447: '{': missing function header (old-style formal list?)
G:\Baruch MFE\software\TradingSystem\TradingSystem\executionservice.cpp(244,34): error C2988: unrecognizable template declaration/definition
G:\Baruch MFE\software\TradingSystem\TradingSystem\executionservice.cpp(244,34): error C2143: syntax error: missing ';' before '<'
G:\Baruch MFE\software\TradingSystem\TradingSystem\executionservice.cpp(244,34): error C2059: syntax error: '<'
G:\Baruch MFE\software\TradingSystem\TradingSystem\executionservice.cpp(244,39): error C2039: 'AlgoExecutionToMarketDataListener': is not a member of '`global namespace''
G:\Baruch MFE\software\TradingSystem\TradingSystem\executionservice.cpp(245,1): error C2143: syntax error: missing ';' before '{'
G:\Baruch MFE\software\TradingSystem\TradingSystem\executionservice.cpp(245,1): error C2447: '{': missing function header (old-style formal list?)
G:\Baruch MFE\software\TradingSystem\TradingSystem\executionservice.cpp(250,34): error C2988: unrecognizable template declaration/definition
G:\Baruch MFE\software\TradingSystem\TradingSystem\executionservice.cpp(250,34): error C2143: syntax error: missing ';' before '<'
G:\Baruch MFE\software\TradingSystem\TradingSystem\executionservice.cpp(250,34): error C2059: syntax error: '<'
G:\Baruch MFE\software\TradingSystem\TradingSystem\executionservice.cpp(250,40): error C2523: '::~AlgoExecutionToMarketDataListener': destructor tag mismatch
G:\Baruch MFE\software\TradingSystem\TradingSystem\executionservice.cpp(250,40): error C2039: 'AlgoExecutionToMarketDataListener': is not a member of '`global namespace''
G:\Baruch MFE\software\TradingSystem\TradingSystem\executionservice.cpp(250,76): error C2143: syntax error: missing ';' before '{'
G:\Baruch MFE\software\TradingSystem\TradingSystem\executionservice.cpp(250,76): error C2447: '{': missing function header (old-style formal list?)
G:\Baruch MFE\software\TradingSystem\TradingSystem\executionservice.cpp(253,39): error C2988: unrecognizable template declaration/definition
G:\Baruch MFE\software\TradingSystem\TradingSystem\executionservice.cpp(253,39): error C2143: syntax error: missing ';' before '<'
G:\Baruch MFE\software\TradingSystem\TradingSystem\executionservice.cpp(253,6): error C2182: 'AlgoExecutionToMarketDataListener': this use of 'void' is not valid
G:\Baruch MFE\software\TradingSystem\TradingSystem\executionservice.cpp(253,39): error C2059: syntax error: '<'
G:\Baruch MFE\software\TradingSystem\TradingSystem\executionservice.cpp(253,44): error C2039: 'ProcessAdd': is not a member of '`global namespace''
G:\Baruch MFE\software\TradingSystem\TradingSystem\executionservice.cpp(253,65): error C2065: 'T': undeclared identifier
G:\Baruch MFE\software\TradingSystem\TradingSystem\executionservice.cpp(253,1): fatal  error C1003: error count exceeds 100; stopping compilation
  historicaldataservice.cpp
G:\Baruch MFE\software\TradingSystem\TradingSystem\historicaldataservice.hpp(19,38): error C2143: syntax error: missing ',' before '<'
G:\Baruch MFE\software\TradingSystem\TradingSystem\historicaldataservice.hpp(27): message : see reference to class template instantiation 'HistoricalDataService<T>' being compiled
G:\Baruch MFE\software\TradingSystem\TradingSystem\historicaldataservice.hpp(25,20): error C2061: syntax error: identifier 'string'
G:\Baruch MFE\software\TradingSystem\TradingSystem\historicaldataservice.cpp(5,27): error C2039: '{ctor}': is not a member of 'HistoricalDataService<T>'
G:\Baruch MFE\software\TradingSystem\TradingSystem\historicaldataservice.cpp(6,1): error C2447: '{': missing function header (old-style formal list?)
G:\Baruch MFE\software\TradingSystem\TradingSystem\historicaldataservice.cpp(15,27): warning C4346: '{ctor}': dependent name is not a type
G:\Baruch MFE\software\TradingSystem\TradingSystem\historicaldataservice.cpp(15,27): message : prefix with 'typename' to indicate a type
G:\Baruch MFE\software\TradingSystem\TradingSystem\historicaldataservice.cpp(15,48): error C2988: unrecognizable template declaration/definition
G:\Baruch MFE\software\TradingSystem\TradingSystem\historicaldataservice.cpp(15,48): error C2059: syntax error: '('
G:\Baruch MFE\software\TradingSystem\TradingSystem\historicaldataservice.cpp(16,1): error C2143: syntax error: missing ';' before '{'
G:\Baruch MFE\software\TradingSystem\TradingSystem\historicaldataservice.cpp(16,1): error C2447: '{': missing function header (old-style formal list?)
G:\Baruch MFE\software\TradingSystem\TradingSystem\historicaldataservice.cpp(25,28): error C2039: '{dtor}': is not a member of 'HistoricalDataService<T>'
G:\Baruch MFE\software\TradingSystem\TradingSystem\historicaldataservice.cpp(25,1): error C2447: '{': missing function header (old-style formal list?)
G:\Baruch MFE\software\TradingSystem\TradingSystem\historicaldataservice.cpp(28,30): error C2039: 'GetData': is not a member of 'HistoricalDataService<T>'
G:\Baruch MFE\software\TradingSystem\TradingSystem\historicaldataservice.cpp(28,38): error C2065: 'string': undeclared identifier
G:\Baruch MFE\software\TradingSystem\TradingSystem\historicaldataservice.cpp(28,45): error C2146: syntax error: missing ')' before identifier '_key'
G:\Baruch MFE\software\TradingSystem\TradingSystem\historicaldataservice.cpp(29,1): error C2143: syntax error: missing ';' before '{'
G:\Baruch MFE\software\TradingSystem\TradingSystem\historicaldataservice.cpp(29,1): error C2447: '{': missing function header (old-style formal list?)
G:\Baruch MFE\software\TradingSystem\TradingSystem\historicaldataservice.cpp(34,32): error C2039: 'OnMessage': is not a member of 'HistoricalDataService<T>'
G:\Baruch MFE\software\TradingSystem\TradingSystem\historicaldataservice.cpp(35,1): error C2447: '{': missing function header (old-style formal list?)
G:\Baruch MFE\software\TradingSystem\TradingSystem\historicaldataservice.cpp(40,32): error C2039: 'AddListener': is not a member of 'HistoricalDataService<T>'
G:\Baruch MFE\software\TradingSystem\TradingSystem\historicaldataservice.cpp(40,44): error C2065: 'ServiceListener': undeclared identifier
G:\Baruch MFE\software\TradingSystem\TradingSystem\historicaldataservice.cpp(40,64): error C2065: '_listener': undeclared identifier
G:\Baruch MFE\software\TradingSystem\TradingSystem\historicaldataservice.cpp(41,1): error C2447: '{': missing function header (old-style formal list?)
G:\Baruch MFE\software\TradingSystem\TradingSystem\historicaldataservice.cpp(46,1): error C4430: missing type specifier - int assumed. Note: C++ does not support default-int
G:\Baruch MFE\software\TradingSystem\TradingSystem\historicaldataservice.cpp(46,13): error C2988: unrecognizable template declaration/definition
G:\Baruch MFE\software\TradingSystem\TradingSystem\historicaldataservice.cpp(46,13): error C2143: syntax error: missing ';' before '<'
G:\Baruch MFE\software\TradingSystem\TradingSystem\historicaldataservice.cpp(46,13): error C2059: syntax error: '<'
G:\Baruch MFE\software\TradingSystem\TradingSystem\historicaldataservice.cpp(46,58): error C2065: 'T': undeclared identifier
G:\Baruch MFE\software\TradingSystem\TradingSystem\historicaldataservice.cpp(46,36): error C2923: 'HistoricalDataService': 'T' is not a valid template type argument for parameter 'T'
G:\Baruch MFE\software\TradingSystem\TradingSystem\historicaldataservice.cpp(46): message : see declaration of 'T'
G:\Baruch MFE\software\TradingSystem\TradingSystem\historicaldataservice.cpp(47,1): error C2143: syntax error: missing ';' before '{'
G:\Baruch MFE\software\TradingSystem\TradingSystem\historicaldataservice.cpp(47,1): error C2447: '{': missing function header (old-style formal list?)
G:\Baruch MFE\software\TradingSystem\TradingSystem\historicaldataservice.cpp(61,24): error C2988: unrecognizable template declaration/definition
G:\Baruch MFE\software\TradingSystem\TradingSystem\historicaldataservice.cpp(61,24): error C2143: syntax error: missing ';' before '<'
G:\Baruch MFE\software\TradingSystem\TradingSystem\historicaldataservice.cpp(61,24): error C2059: syntax error: '<'
G:\Baruch MFE\software\TradingSystem\TradingSystem\historicaldataservice.cpp(61,29): error C2039: 'HistoricalDataConnector': is not a member of '`global namespace''
G:\Baruch MFE\software\TradingSystem\TradingSystem\historicaldataservice.cpp(61,75): error C2065: 'V': undeclared identifier
G:\Baruch MFE\software\TradingSystem\TradingSystem\historicaldataservice.cpp(61,53): error C2923: 'HistoricalDataService': 'V' is not a valid template type argument for parameter 'T'
G:\Baruch MFE\software\TradingSystem\TradingSystem\historicaldataservice.cpp(61): message : see declaration of 'V'
G:\Baruch MFE\software\TradingSystem\TradingSystem\historicaldataservice.cpp(62,1): error C2143: syntax error: missing ';' before '{'
G:\Baruch MFE\software\TradingSystem\TradingSystem\historicaldataservice.cpp(62,1): error C2447: '{': missing function header (old-style formal list?)
G:\Baruch MFE\software\TradingSystem\TradingSystem\historicaldataservice.cpp(67,24): error C2988: unrecognizable template declaration/definition
G:\Baruch MFE\software\TradingSystem\TradingSystem\historicaldataservice.cpp(67,24): error C2143: syntax error: missing ';' before '<'
G:\Baruch MFE\software\TradingSystem\TradingSystem\historicaldataservice.cpp(67,24): error C2059: syntax error: '<'
G:\Baruch MFE\software\TradingSystem\TradingSystem\historicaldataservice.cpp(67,30): error C2523: '::~HistoricalDataConnector': destructor tag mismatch
G:\Baruch MFE\software\TradingSystem\TradingSystem\historicaldataservice.cpp(67,30): error C2039: 'HistoricalDataConnector': is not a member of '`global namespace''
G:\Baruch MFE\software\TradingSystem\TradingSystem\historicaldataservice.cpp(67,56): error C2143: syntax error: missing ';' before '{'
G:\Baruch MFE\software\TradingSystem\TradingSystem\historicaldataservice.cpp(67,56): error C2447: '{': missing function header (old-style formal list?)
G:\Baruch MFE\software\TradingSystem\TradingSystem\historicaldataservice.cpp(70,29): error C2988: unrecognizable template declaration/definition
G:\Baruch MFE\software\TradingSystem\TradingSystem\historicaldataservice.cpp(70,29): error C2143: syntax error: missing ';' before '<'
G:\Baruch MFE\software\TradingSystem\TradingSystem\historicaldataservice.cpp(70,6): error C2182: 'HistoricalDataConnector': this use of 'void' is not valid
G:\Baruch MFE\software\TradingSystem\TradingSystem\historicaldataservice.cpp(70,29): error C2059: syntax error: '<'
G:\Baruch MFE\software\TradingSystem\TradingSystem\historicaldataservice.cpp(70,34): error C2039: 'Publish': is not a member of '`global namespace''
G:\Baruch MFE\software\TradingSystem\TradingSystem\historicaldataservice.cpp(71,1): error C2143: syntax error: missing ';' before '{'
G:\Baruch MFE\software\TradingSystem\TradingSystem\historicaldataservice.cpp(71,1): error C2447: '{': missing function header (old-style formal list?)
G:\Baruch MFE\software\TradingSystem\TradingSystem\historicaldataservice.cpp(103,29): error C2988: unrecognizable template declaration/definition
G:\Baruch MFE\software\TradingSystem\TradingSystem\historicaldataservice.cpp(103,29): error C2143: syntax error: missing ';' before '<'
G:\Baruch MFE\software\TradingSystem\TradingSystem\historicaldataservice.cpp(103,6): error C2182: 'HistoricalDataConnector': this use of 'void' is not valid
G:\Baruch MFE\software\TradingSystem\TradingSystem\historicaldataservice.cpp(103,6): error C2374: 'HistoricalDataConnector': redefinition; multiple initialization
G:\Baruch MFE\software\TradingSystem\TradingSystem\historicaldataservice.cpp(103,29): error C2059: syntax error: '<'
G:\Baruch MFE\software\TradingSystem\TradingSystem\historicaldataservice.cpp(103,34): error C2039: 'Subscribe': is not a member of '`global namespace''
G:\Baruch MFE\software\TradingSystem\TradingSystem\historicaldataservice.cpp(103,61): error C2143: syntax error: missing ';' before '{'
G:\Baruch MFE\software\TradingSystem\TradingSystem\historicaldataservice.cpp(103,61): error C2447: '{': missing function header (old-style formal list?)
G:\Baruch MFE\software\TradingSystem\TradingSystem\historicaldataservice.cpp(106,23): error C2988: unrecognizable template declaration/definition
G:\Baruch MFE\software\TradingSystem\TradingSystem\historicaldataservice.cpp(106,23): error C2143: syntax error: missing ';' before '<'
G:\Baruch MFE\software\TradingSystem\TradingSystem\historicaldataservice.cpp(106,23): error C2059: syntax error: '<'
G:\Baruch MFE\software\TradingSystem\TradingSystem\historicaldataservice.cpp(106,28): error C2039: 'HistoricalDataListener': is not a member of '`global namespace''
G:\Baruch MFE\software\TradingSystem\TradingSystem\historicaldataservice.cpp(106,73): error C2065: 'V': undeclared identifier
G:\Baruch MFE\software\TradingSystem\TradingSystem\historicaldataservice.cpp(106,51): error C2923: 'HistoricalDataService': 'V' is not a valid template type argument for parameter 'T'
G:\Baruch MFE\software\TradingSystem\TradingSystem\historicaldataservice.cpp(106): message : see declaration of 'V'
G:\Baruch MFE\software\TradingSystem\TradingSystem\historicaldataservice.cpp(107,1): error C2143: syntax error: missing ';' before '{'
G:\Baruch MFE\software\TradingSystem\TradingSystem\historicaldataservice.cpp(107,1): error C2447: '{': missing function header (old-style formal list?)
G:\Baruch MFE\software\TradingSystem\TradingSystem\historicaldataservice.cpp(112,23): error C2988: unrecognizable template declaration/definition
G:\Baruch MFE\software\TradingSystem\TradingSystem\historicaldataservice.cpp(112,23): error C2143: syntax error: missing ';' before '<'
G:\Baruch MFE\software\TradingSystem\TradingSystem\historicaldataservice.cpp(112,23): error C2059: syntax error: '<'
G:\Baruch MFE\software\TradingSystem\TradingSystem\historicaldataservice.cpp(112,29): error C2523: '::~HistoricalDataListener': destructor tag mismatch
G:\Baruch MFE\software\TradingSystem\TradingSystem\historicaldataservice.cpp(112,29): error C2039: 'HistoricalDataListener': is not a member of '`global namespace''
G:\Baruch MFE\software\TradingSystem\TradingSystem\historicaldataservice.cpp(112,54): error C2143: syntax error: missing ';' before '{'
G:\Baruch MFE\software\TradingSystem\TradingSystem\historicaldataservice.cpp(112,54): error C2447: '{': missing function header (old-style formal list?)
G:\Baruch MFE\software\TradingSystem\TradingSystem\historicaldataservice.cpp(115,28): error C2988: unrecognizable template declaration/definition
G:\Baruch MFE\software\TradingSystem\TradingSystem\historicaldataservice.cpp(115,28): error C2143: syntax error: missing ';' before '<'
G:\Baruch MFE\software\TradingSystem\TradingSystem\historicaldataservice.cpp(115,6): error C2182: 'HistoricalDataListener': this use of 'void' is not valid
G:\Baruch MFE\software\TradingSystem\TradingSystem\historicaldataservice.cpp(115,28): error C2059: syntax error: '<'
G:\Baruch MFE\software\TradingSystem\TradingSystem\historicaldataservice.cpp(115,33): error C2039: 'ProcessAdd': is not a member of '`global namespace''
G:\Baruch MFE\software\TradingSystem\TradingSystem\historicaldataservice.cpp(116,1): error C2143: syntax error: missing ';' before '{'
G:\Baruch MFE\software\TradingSystem\TradingSystem\historicaldataservice.cpp(116,1): error C2447: '{': missing function header (old-style formal list?)
G:\Baruch MFE\software\TradingSystem\TradingSystem\historicaldataservice.cpp(122,28): error C2988: unrecognizable template declaration/definition
G:\Baruch MFE\software\TradingSystem\TradingSystem\historicaldataservice.cpp(122,28): error C2143: syntax error: missing ';' before '<'
G:\Baruch MFE\software\TradingSystem\TradingSystem\historicaldataservice.cpp(122,6): error C2182: 'HistoricalDataListener': this use of 'void' is not valid
G:\Baruch MFE\software\TradingSystem\TradingSystem\historicaldataservice.cpp(122,6): error C2374: 'HistoricalDataListener': redefinition; multiple initialization
G:\Baruch MFE\software\TradingSystem\TradingSystem\historicaldataservice.cpp(122,28): error C2059: syntax error: '<'
G:\Baruch MFE\software\TradingSystem\TradingSystem\historicaldataservice.cpp(122,33): error C2039: 'ProcessRemove': is not a member of '`global namespace''
G:\Baruch MFE\software\TradingSystem\TradingSystem\historicaldataservice.cpp(122,57): error C2143: syntax error: missing ';' before '{'
G:\Baruch MFE\software\TradingSystem\TradingSystem\historicaldataservice.cpp(122,57): error C2447: '{': missing function header (old-style formal list?)
G:\Baruch MFE\software\TradingSystem\TradingSystem\historicaldataservice.cpp(125,28): error C2988: unrecognizable template declaration/definition
G:\Baruch MFE\software\TradingSystem\TradingSystem\historicaldataservice.cpp(125,28): error C2143: syntax error: missing ';' before '<'
G:\Baruch MFE\software\TradingSystem\TradingSystem\historicaldataservice.cpp(125,6): error C2182: 'HistoricalDataListener': this use of 'void' is not valid
G:\Baruch MFE\software\TradingSystem\TradingSystem\historicaldataservice.cpp(125,6): error C2374: 'HistoricalDataListener': redefinition; multiple initialization
G:\Baruch MFE\software\TradingSystem\TradingSystem\historicaldataservice.cpp(125,28): error C2059: syntax error: '<'
G:\Baruch MFE\software\TradingSystem\TradingSystem\historicaldataservice.cpp(125,33): error C2039: 'ProcessUpdate': is not a member of '`global namespace''
G:\Baruch MFE\software\TradingSystem\TradingSystem\historicaldataservice.cpp(125,57): error C2143: syntax error: missing ';' before '{'
G:\Baruch MFE\software\TradingSystem\TradingSystem\historicaldataservice.cpp(125,57): error C2447: '{': missing function header (old-style formal list?)
  inquiryservice.cpp
G:\Baruch MFE\software\TradingSystem\TradingSystem\soa.hpp(79,26): error C2061: syntax error: identifier 'ifstream'
G:\Baruch MFE\software\TradingSystem\TradingSystem\soa.hpp(81): message : see reference to class template instantiation 'Connector<V>' being compiled
G:\Baruch MFE\software\TradingSystem\TradingSystem\inquiryservice.cpp(4,13): error C2995: 'Inquiry<T>::Inquiry(std::string,const T &,Side,long,double,InquiryState)': function template has already been defined
G:\Baruch MFE\software\TradingSystem\TradingSystem\inquiryservice.hpp(27): message : see declaration of 'Inquiry<T>::Inquiry'
G:\Baruch MFE\software\TradingSystem\TradingSystem\inquiryservice.cpp(15,27): error C2995: 'const std::string &Inquiry<T>::GetInquiryId(void) const': function template has already been defined
G:\Baruch MFE\software\TradingSystem\TradingSystem\inquiryservice.hpp(30): message : see declaration of 'Inquiry<T>::GetInquiryId'
G:\Baruch MFE\software\TradingSystem\TradingSystem\inquiryservice.cpp(21,22): error C2995: 'const T &Inquiry<T>::GetProduct(void) const': function template has already been defined
G:\Baruch MFE\software\TradingSystem\TradingSystem\inquiryservice.hpp(33): message : see declaration of 'Inquiry<T>::GetProduct'
G:\Baruch MFE\software\TradingSystem\TradingSystem\inquiryservice.cpp(27,18): error C2995: 'Side Inquiry<T>::GetSide(void) const': function template has already been defined
G:\Baruch MFE\software\TradingSystem\TradingSystem\inquiryservice.hpp(36): message : see declaration of 'Inquiry<T>::GetSide'
G:\Baruch MFE\software\TradingSystem\TradingSystem\inquiryservice.cpp(33,18): error C2995: 'long Inquiry<T>::GetQuantity(void) const': function template has already been defined
G:\Baruch MFE\software\TradingSystem\TradingSystem\inquiryservice.hpp(39): message : see declaration of 'Inquiry<T>::GetQuantity'
G:\Baruch MFE\software\TradingSystem\TradingSystem\inquiryservice.cpp(39,20): error C2995: 'double Inquiry<T>::GetPrice(void) const': function template has already been defined
G:\Baruch MFE\software\TradingSystem\TradingSystem\inquiryservice.hpp(42): message : see declaration of 'Inquiry<T>::GetPrice'
G:\Baruch MFE\software\TradingSystem\TradingSystem\inquiryservice.cpp(45,20): error C2039: 'SetPrice': is not a member of 'Inquiry<T>'
G:\Baruch MFE\software\TradingSystem\TradingSystem\inquiryservice.cpp(46,1): error C2447: '{': missing function header (old-style formal list?)
G:\Baruch MFE\software\TradingSystem\TradingSystem\inquiryservice.cpp(51,26): error C2995: 'InquiryState Inquiry<T>::GetState(void) const': function template has already been defined
G:\Baruch MFE\software\TradingSystem\TradingSystem\inquiryservice.hpp(45): message : see declaration of 'Inquiry<T>::GetState'
G:\Baruch MFE\software\TradingSystem\TradingSystem\inquiryservice.cpp(57,18): error C2039: 'SetState': is not a member of 'Inquiry<T>'
G:\Baruch MFE\software\TradingSystem\TradingSystem\inquiryservice.cpp(58,1): error C2447: '{': missing function header (old-style formal list?)
G:\Baruch MFE\software\TradingSystem\TradingSystem\inquiryservice.cpp(63,28): error C2039: 'ToStrings': is not a member of 'Inquiry<T>'
G:\Baruch MFE\software\TradingSystem\TradingSystem\inquiryservice.cpp(64,1): error C2447: '{': missing function header (old-style formal list?)
G:\Baruch MFE\software\TradingSystem\TradingSystem\inquiryservice.cpp(112,20): error C2039: '{ctor}': is not a member of 'InquiryService<T>'
G:\Baruch MFE\software\TradingSystem\TradingSystem\inquiryservice.cpp(113,1): error C2447: '{': missing function header (old-style formal list?)
G:\Baruch MFE\software\TradingSystem\TradingSystem\inquiryservice.cpp(120,21): error C2039: '{dtor}': is not a member of 'InquiryService<T>'
G:\Baruch MFE\software\TradingSystem\TradingSystem\inquiryservice.cpp(120,1): error C2447: '{': missing function header (old-style formal list?)
G:\Baruch MFE\software\TradingSystem\TradingSystem\inquiryservice.cpp(123,32): error C2039: 'GetData': is not a member of 'InquiryService<T>'
G:\Baruch MFE\software\TradingSystem\TradingSystem\inquiryservice.cpp(124,1): error C2447: '{': missing function header (old-style formal list?)
G:\Baruch MFE\software\TradingSystem\TradingSystem\inquiryservice.cpp(129,25): error C2039: 'OnMessage': is not a member of 'InquiryService<T>'
G:\Baruch MFE\software\TradingSystem\TradingSystem\inquiryservice.cpp(130,1): error C2447: '{': missing function header (old-style formal list?)
G:\Baruch MFE\software\TradingSystem\TradingSystem\inquiryservice.cpp(152,25): error C2039: 'AddListener': is not a member of 'InquiryService<T>'
G:\Baruch MFE\software\TradingSystem\TradingSystem\inquiryservice.cpp(153,1): error C2447: '{': missing function header (old-style formal list?)
G:\Baruch MFE\software\TradingSystem\TradingSystem\inquiryservice.cpp(158,64): error C2039: 'GetListeners': is not a member of 'InquiryService<T>'
G:\Baruch MFE\software\TradingSystem\TradingSystem\inquiryservice.cpp(159,1): error C2447: '{': missing function header (old-style formal list?)
G:\Baruch MFE\software\TradingSystem\TradingSystem\inquiryservice.cpp(164,17): error C2988: unrecognizable template declaration/definition
G:\Baruch MFE\software\TradingSystem\TradingSystem\inquiryservice.cpp(164,17): error C2143: syntax error: missing ';' before '<'
G:\Baruch MFE\software\TradingSystem\TradingSystem\inquiryservice.cpp(164,17): error C2059: syntax error: '<'
G:\Baruch MFE\software\TradingSystem\TradingSystem\inquiryservice.cpp(164,37): error C2065: 'T': undeclared identifier
G:\Baruch MFE\software\TradingSystem\TradingSystem\inquiryservice.cpp(164,22): error C2923: 'InquiryService': 'T' is not a valid template type argument for parameter 'T'
G:\Baruch MFE\software\TradingSystem\TradingSystem\inquiryservice.cpp(164): message : see declaration of 'T'
G:\Baruch MFE\software\TradingSystem\TradingSystem\inquiryservice.cpp(165,1): error C2143: syntax error: missing ';' before '{'
G:\Baruch MFE\software\TradingSystem\TradingSystem\inquiryservice.cpp(165,1): error C2447: '{': missing function header (old-style formal list?)
G:\Baruch MFE\software\TradingSystem\TradingSystem\inquiryservice.cpp(172,25): error C3861: 'inquiries': identifier not found
G:\Baruch MFE\software\TradingSystem\TradingSystem\inquiryservice.cpp(175,17): error C3861: 'listeners': identifier not found
G:\Baruch MFE\software\TradingSystem\TradingSystem\inquiryservice.cpp(172,25): error C2065: 'inquiries': undeclared identifier
G:\Baruch MFE\software\TradingSystem\TradingSystem\inquiryservice.cpp(175,17): error C2065: 'listeners': undeclared identifier
G:\Baruch MFE\software\TradingSystem\TradingSystem\inquiryservice.cpp(184,25): error C3861: 'inquiries': identifier not found
G:\Baruch MFE\software\TradingSystem\TradingSystem\inquiryservice.cpp(184,25): error C2065: 'inquiries': undeclared identifier
G:\Baruch MFE\software\TradingSystem\TradingSystem\inquiryservice.cpp(191,17): error C2988: unrecognizable template declaration/definition
G:\Baruch MFE\software\TradingSystem\TradingSystem\inquiryservice.cpp(191,17): error C2143: syntax error: missing ';' before '<'
G:\Baruch MFE\software\TradingSystem\TradingSystem\inquiryservice.cpp(191,17): error C2059: syntax error: '<'
G:\Baruch MFE\software\TradingSystem\TradingSystem\inquiryservice.cpp(191,22): error C2039: 'InquiryConnector': is not a member of '`global namespace''
G:\Baruch MFE\software\TradingSystem\TradingSystem\inquiryservice.cpp(191,54): error C2065: 'T': undeclared identifier
G:\Baruch MFE\software\TradingSystem\TradingSystem\inquiryservice.cpp(191,39): error C2923: 'InquiryService': 'T' is not a valid template type argument for parameter 'T'
G:\Baruch MFE\software\TradingSystem\TradingSystem\inquiryservice.cpp(191): message : see declaration of 'T'
G:\Baruch MFE\software\TradingSystem\TradingSystem\inquiryservice.cpp(192,1): error C2143: syntax error: missing ';' before '{'
G:\Baruch MFE\software\TradingSystem\TradingSystem\inquiryservice.cpp(192,1): error C2447: '{': missing function header (old-style formal list?)
G:\Baruch MFE\software\TradingSystem\TradingSystem\inquiryservice.cpp(197,17): error C2988: unrecognizable template declaration/definition
G:\Baruch MFE\software\TradingSystem\TradingSystem\inquiryservice.cpp(197,17): error C2143: syntax error: missing ';' before '<'
G:\Baruch MFE\software\TradingSystem\TradingSystem\inquiryservice.cpp(197,17): error C2059: syntax error: '<'
G:\Baruch MFE\software\TradingSystem\TradingSystem\inquiryservice.cpp(197,23): error C2523: '::~InquiryConnector': destructor tag mismatch
G:\Baruch MFE\software\TradingSystem\TradingSystem\inquiryservice.cpp(197,23): error C2039: 'InquiryConnector': is not a member of '`global namespace''
G:\Baruch MFE\software\TradingSystem\TradingSystem\inquiryservice.cpp(197,42): error C2143: syntax error: missing ';' before '{'
G:\Baruch MFE\software\TradingSystem\TradingSystem\inquiryservice.cpp(197,42): error C2447: '{': missing function header (old-style formal list?)
G:\Baruch MFE\software\TradingSystem\TradingSystem\inquiryservice.cpp(200,22): error C2988: unrecognizable template declaration/definition
G:\Baruch MFE\software\TradingSystem\TradingSystem\inquiryservice.cpp(200,22): error C2143: syntax error: missing ';' before '<'
G:\Baruch MFE\software\TradingSystem\TradingSystem\inquiryservice.cpp(200,6): error C2182: 'InquiryConnector': this use of 'void' is not valid
G:\Baruch MFE\software\TradingSystem\TradingSystem\inquiryservice.cpp(200,22): error C2059: syntax error: '<'
G:\Baruch MFE\software\TradingSystem\TradingSystem\inquiryservice.cpp(200,27): error C2039: 'Publish': is not a member of '`global namespace''
G:\Baruch MFE\software\TradingSystem\TradingSystem\inquiryservice.cpp(200,43): error C2065: 'T': undeclared identifier
G:\Baruch MFE\software\TradingSystem\TradingSystem\inquiryservice.cpp(200,35): error C2923: 'Inquiry': 'T' is not a valid template type argument for parameter 'T'
G:\Baruch MFE\software\TradingSystem\TradingSystem\inquiryservice.cpp(200): message : see declaration of 'T'
G:\Baruch MFE\software\TradingSystem\TradingSystem\inquiryservice.cpp(201,1): error C2143: syntax error: missing ';' before '{'
G:\Baruch MFE\software\TradingSystem\TradingSystem\inquiryservice.cpp(201,1): error C2447: '{': missing function header (old-style formal list?)
G:\Baruch MFE\software\TradingSystem\TradingSystem\inquiryservice.cpp(211,22): error C2988: unrecognizable template declaration/definition
G:\Baruch MFE\software\TradingSystem\TradingSystem\inquiryservice.cpp(211,22): error C2143: syntax error: missing ';' before '<'
G:\Baruch MFE\software\TradingSystem\TradingSystem\inquiryservice.cpp(211,6): error C2182: 'InquiryConnector': this use of 'void' is not valid
G:\Baruch MFE\software\TradingSystem\TradingSystem\inquiryservice.cpp(211,6): error C2374: 'InquiryConnector': redefinition; multiple initialization
G:\Baruch MFE\software\TradingSystem\TradingSystem\inquiryservice.cpp(211,22): error C2059: syntax error: '<'
G:\Baruch MFE\software\TradingSystem\TradingSystem\inquiryservice.cpp(211,27): error C2039: 'Subscribe': is not a member of '`global namespace''
G:\Baruch MFE\software\TradingSystem\TradingSystem\inquiryservice.cpp(212,1): error C2143: syntax error: missing ';' before '{'
G:\Baruch MFE\software\TradingSystem\TradingSystem\inquiryservice.cpp(212,1): error C2447: '{': missing function header (old-style formal list?)
G:\Baruch MFE\software\TradingSystem\TradingSystem\inquiryservice.cpp(244,22): error C2988: unrecognizable template declaration/definition
G:\Baruch MFE\software\TradingSystem\TradingSystem\inquiryservice.cpp(244,22): error C2143: syntax error: missing ';' before '<'
G:\Baruch MFE\software\TradingSystem\TradingSystem\inquiryservice.cpp(244,6): error C2182: 'InquiryConnector': this use of 'void' is not valid
G:\Baruch MFE\software\TradingSystem\TradingSystem\inquiryservice.cpp(244,6): error C2374: 'InquiryConnector': redefinition; multiple initialization
G:\Baruch MFE\software\TradingSystem\TradingSystem\inquiryservice.cpp(244,22): error C2059: syntax error: '<'
G:\Baruch MFE\software\TradingSystem\TradingSystem\inquiryservice.cpp(244,27): error C2039: 'Subscribe': is not a member of '`global namespace''
G:\Baruch MFE\software\TradingSystem\TradingSystem\inquiryservice.cpp(244,45): error C2065: 'T': undeclared identifier
G:\Baruch MFE\software\TradingSystem\TradingSystem\inquiryservice.cpp(244,37): error C2923: 'Inquiry': 'T' is not a valid template type argument for parameter 'T'
G:\Baruch MFE\software\TradingSystem\TradingSystem\inquiryservice.cpp(244): message : see declaration of 'T'
G:\Baruch MFE\software\TradingSystem\TradingSystem\inquiryservice.cpp(245,1): error C2143: syntax error: missing ';' before '{'
G:\Baruch MFE\software\TradingSystem\TradingSystem\inquiryservice.cpp(245,1): error C2447: '{': missing function header (old-style formal list?)
  main.cpp
G:\Baruch MFE\software\TradingSystem\TradingSystem\products.hpp(13,10): fatal  error C1083: Cannot open include file: 'boost/date_time/gregorian/gregorian.hpp': No such file or directory
  marketdataservice.cpp
G:\Baruch MFE\software\TradingSystem\TradingSystem\marketdataservice.cpp(4,8): error C2084: function 'Order::Order(double,long,PricingSide)' already has a body
G:\Baruch MFE\software\TradingSystem\TradingSystem\marketdataservice.hpp(117): message : see previous definition of '{ctor}'
G:\Baruch MFE\software\TradingSystem\TradingSystem\marketdataservice.cpp(11,15): error C2084: function 'double Order::GetPrice(void) const' already has a body
G:\Baruch MFE\software\TradingSystem\TradingSystem\marketdataservice.hpp(124): message : see previous definition of 'GetPrice'
G:\Baruch MFE\software\TradingSystem\TradingSystem\marketdataservice.cpp(16,13): error C2084: function 'long Order::GetQuantity(void) const' already has a body
G:\Baruch MFE\software\TradingSystem\TradingSystem\marketdataservice.hpp(129): message : see previous definition of 'GetQuantity'
G:\Baruch MFE\software\TradingSystem\TradingSystem\marketdataservice.cpp(21,20): error C2084: function 'PricingSide Order::GetSide(void) const' already has a body
G:\Baruch MFE\software\TradingSystem\TradingSystem\marketdataservice.hpp(134): message : see previous definition of 'GetSide'
G:\Baruch MFE\software\TradingSystem\TradingSystem\marketdataservice.cpp(27,11): error C2084: function 'BidOffer::BidOffer(const Order &,const Order &)' already has a body
G:\Baruch MFE\software\TradingSystem\TradingSystem\marketdataservice.hpp(139): message : see previous definition of '{ctor}'
G:\Baruch MFE\software\TradingSystem\TradingSystem\marketdataservice.cpp(32,24): error C2084: function 'const Order &BidOffer::GetBidOrder(void) const' already has a body
G:\Baruch MFE\software\TradingSystem\TradingSystem\marketdataservice.hpp(144): message : see previous definition of 'GetBidOrder'
G:\Baruch MFE\software\TradingSystem\TradingSystem\marketdataservice.cpp(37,24): error C2084: function 'const Order &BidOffer::GetOfferOrder(void) const' already has a body
G:\Baruch MFE\software\TradingSystem\TradingSystem\marketdataservice.hpp(149): message : see previous definition of 'GetOfferOrder'
G:\Baruch MFE\software\TradingSystem\TradingSystem\marketdataservice.cpp(43,15): error C2995: 'OrderBook<T>::OrderBook(const T &,const std::vector<Order,std::allocator<Order>> &,const std::vector<Order,std::allocator<Order>> &)': function template has already been defined
G:\Baruch MFE\software\TradingSystem\TradingSystem\marketdataservice.hpp(80): message : see declaration of 'OrderBook<T>::OrderBook'
G:\Baruch MFE\software\TradingSystem\TradingSystem\marketdataservice.cpp(49,24): error C2995: 'const T &OrderBook<T>::GetProduct(void) const': function template has already been defined
G:\Baruch MFE\software\TradingSystem\TradingSystem\marketdataservice.hpp(83): message : see declaration of 'OrderBook<T>::GetProduct'
G:\Baruch MFE\software\TradingSystem\TradingSystem\marketdataservice.cpp(55,36): error C2995: 'const std::vector<Order,std::allocator<Order>> &OrderBook<T>::GetBidStack(void) const': function template has already been defined
G:\Baruch MFE\software\TradingSystem\TradingSystem\marketdataservice.hpp(86): message : see declaration of 'OrderBook<T>::GetBidStack'
G:\Baruch MFE\software\TradingSystem\TradingSystem\marketdataservice.cpp(61,36): error C2995: 'const std::vector<Order,std::allocator<Order>> &OrderBook<T>::GetOfferStack(void) const': function template has already been defined
G:\Baruch MFE\software\TradingSystem\TradingSystem\marketdataservice.hpp(89): message : see declaration of 'OrderBook<T>::GetOfferStack'
  positionservice.cpp
G:\Baruch MFE\software\TradingSystem\TradingSystem\positionservice.cpp(4,14): error C2995: 'Position<T>::Position(const T &)': function template has already been defined
G:\Baruch MFE\software\TradingSystem\TradingSystem\positionservice.hpp(28): message : see declaration of 'Position<T>::Position'
G:\Baruch MFE\software\TradingSystem\TradingSystem\positionservice.cpp(8,23): error C2995: 'const T &Position<T>::GetProduct(void) const': function template has already been defined
G:\Baruch MFE\software\TradingSystem\TradingSystem\positionservice.hpp(31): message : see declaration of 'Position<T>::GetProduct'
G:\Baruch MFE\software\TradingSystem\TradingSystem\positionservice.cpp(14,19): error C2995: 'long Position<T>::GetPosition(std::string &)': function template has already been defined
G:\Baruch MFE\software\TradingSystem\TradingSystem\positionservice.hpp(34): message : see declaration of 'Position<T>::GetPosition'
G:\Baruch MFE\software\TradingSystem\TradingSystem\positionservice.cpp(22,19): error C2995: 'long Position<T>::GetAggregatePosition(void)': function template has already been defined
G:\Baruch MFE\software\TradingSystem\TradingSystem\positionservice.hpp(37): message : see declaration of 'Position<T>::GetAggregatePosition'
G:\Baruch MFE\software\TradingSystem\TradingSystem\positionservice.cpp(33,29): error C2039: 'ToStrings': is not a member of 'Position<T>'
G:\Baruch MFE\software\TradingSystem\TradingSystem\positionservice.cpp(34,1): error C2447: '{': missing function header (old-style formal list?)
G:\Baruch MFE\software\TradingSystem\TradingSystem\positionservice.cpp(53,21): error C2039: '{ctor}': is not a member of 'PositionService<T>'
G:\Baruch MFE\software\TradingSystem\TradingSystem\positionservice.cpp(54,1): error C2447: '{': missing function header (old-style formal list?)
G:\Baruch MFE\software\TradingSystem\TradingSystem\positionservice.cpp(61,22): error C2039: '{dtor}': is not a member of 'PositionService<T>'
G:\Baruch MFE\software\TradingSystem\TradingSystem\positionservice.cpp(61,1): error C2447: '{': missing function header (old-style formal list?)
G:\Baruch MFE\software\TradingSystem\TradingSystem\positionservice.cpp(64,34): error C2039: 'GetData': is not a member of 'PositionService<T>'
G:\Baruch MFE\software\TradingSystem\TradingSystem\positionservice.cpp(65,1): error C2447: '{': missing function header (old-style formal list?)
G:\Baruch MFE\software\TradingSystem\TradingSystem\positionservice.cpp(70,26): error C2039: 'OnMessage': is not a member of 'PositionService<T>'
G:\Baruch MFE\software\TradingSystem\TradingSystem\positionservice.cpp(71,1): error C2447: '{': missing function header (old-style formal list?)
G:\Baruch MFE\software\TradingSystem\TradingSystem\positionservice.cpp(76,26): error C2039: 'AddListener': is not a member of 'PositionService<T>'
G:\Baruch MFE\software\TradingSystem\TradingSystem\positionservice.cpp(77,1): error C2447: '{': missing function header (old-style formal list?)
G:\Baruch MFE\software\TradingSystem\TradingSystem\positionservice.cpp(82,31): error C2988: unrecognizable template declaration/definition
G:\Baruch MFE\software\TradingSystem\TradingSystem\positionservice.cpp(82,31): error C2143: syntax error: missing ';' before '<'
G:\Baruch MFE\software\TradingSystem\TradingSystem\positionservice.cpp(82,31): error C2059: syntax error: '<'
G:\Baruch MFE\software\TradingSystem\TradingSystem\positionservice.cpp(82,52): error C2065: 'T': undeclared identifier
G:\Baruch MFE\software\TradingSystem\TradingSystem\positionservice.cpp(82,36): error C2923: 'PositionService': 'T' is not a valid template type argument for parameter 'T'
G:\Baruch MFE\software\TradingSystem\TradingSystem\positionservice.cpp(82): message : see declaration of 'T'
G:\Baruch MFE\software\TradingSystem\TradingSystem\positionservice.cpp(83,1): error C2143: syntax error: missing ';' before '{'
G:\Baruch MFE\software\TradingSystem\TradingSystem\positionservice.cpp(83,1): error C2447: '{': missing function header (old-style formal list?)
G:\Baruch MFE\software\TradingSystem\TradingSystem\positionservice.cpp(88,66): error C2039: 'GetListeners': is not a member of 'PositionService<T>'
G:\Baruch MFE\software\TradingSystem\TradingSystem\positionservice.cpp(89,1): error C2447: '{': missing function header (old-style formal list?)
G:\Baruch MFE\software\TradingSystem\TradingSystem\positionservice.cpp(112,30): error C3861: 'positions': identifier not found
G:\Baruch MFE\software\TradingSystem\TradingSystem\positionservice.cpp(120,2): error C3861: 'positions': identifier not found
G:\Baruch MFE\software\TradingSystem\TradingSystem\positionservice.cpp(122,17): error C3861: 'listeners': identifier not found
G:\Baruch MFE\software\TradingSystem\TradingSystem\positionservice.cpp(112,30): error C2065: 'positions': undeclared identifier
G:\Baruch MFE\software\TradingSystem\TradingSystem\positionservice.cpp(120,2): error C2065: 'positions': undeclared identifier
G:\Baruch MFE\software\TradingSystem\TradingSystem\positionservice.cpp(122,17): error C2065: 'listeners': undeclared identifier
G:\Baruch MFE\software\TradingSystem\TradingSystem\positionservice.cpp(130,31): error C2988: unrecognizable template declaration/definition
G:\Baruch MFE\software\TradingSystem\TradingSystem\positionservice.cpp(130,31): error C2143: syntax error: missing ';' before '<'
G:\Baruch MFE\software\TradingSystem\TradingSystem\positionservice.cpp(130,31): error C2059: syntax error: '<'
G:\Baruch MFE\software\TradingSystem\TradingSystem\positionservice.cpp(130,36): error C2039: 'PositionToTradeBookingListener': is not a member of '`global namespace''
G:\Baruch MFE\software\TradingSystem\TradingSystem\positionservice.cpp(130,83): error C2065: 'T': undeclared identifier
G:\Baruch MFE\software\TradingSystem\TradingSystem\positionservice.cpp(130,67): error C2923: 'PositionService': 'T' is not a valid template type argument for parameter 'T'
G:\Baruch MFE\software\TradingSystem\TradingSystem\positionservice.cpp(130): message : see declaration of 'T'
G:\Baruch MFE\software\TradingSystem\TradingSystem\positionservice.cpp(131,1): error C2143: syntax error: missing ';' before '{'
G:\Baruch MFE\software\TradingSystem\TradingSystem\positionservice.cpp(131,1): error C2447: '{': missing function header (old-style formal list?)
G:\Baruch MFE\software\TradingSystem\TradingSystem\positionservice.cpp(136,31): error C2988: unrecognizable template declaration/definition
G:\Baruch MFE\software\TradingSystem\TradingSystem\positionservice.cpp(136,31): error C2143: syntax error: missing ';' before '<'
G:\Baruch MFE\software\TradingSystem\TradingSystem\positionservice.cpp(136,31): error C2059: syntax error: '<'
G:\Baruch MFE\software\TradingSystem\TradingSystem\positionservice.cpp(136,37): error C2523: '::~PositionToTradeBookingListener': destructor tag mismatch
G:\Baruch MFE\software\TradingSystem\TradingSystem\positionservice.cpp(136,37): error C2039: 'PositionToTradeBookingListener': is not a member of '`global namespace''
G:\Baruch MFE\software\TradingSystem\TradingSystem\positionservice.cpp(136,70): error C2143: syntax error: missing ';' before '{'
G:\Baruch MFE\software\TradingSystem\TradingSystem\positionservice.cpp(136,70): error C2447: '{': missing function header (old-style formal list?)
G:\Baruch MFE\software\TradingSystem\TradingSystem\positionservice.cpp(139,36): error C2988: unrecognizable template declaration/definition
G:\Baruch MFE\software\TradingSystem\TradingSystem\positionservice.cpp(139,36): error C2143: syntax error: missing ';' before '<'
G:\Baruch MFE\software\TradingSystem\TradingSystem\positionservice.cpp(139,6): error C2182: 'PositionToTradeBookingListener': this use of 'void' is not valid
G:\Baruch MFE\software\TradingSystem\TradingSystem\positionservice.cpp(139,36): error C2059: syntax error: '<'
G:\Baruch MFE\software\TradingSystem\TradingSystem\positionservice.cpp(139,41): error C2039: 'ProcessAdd': is not a member of '`global namespace''
G:\Baruch MFE\software\TradingSystem\TradingSystem\positionservice.cpp(139,58): error C2065: 'T': undeclared identifier
G:\Baruch MFE\software\TradingSystem\TradingSystem\positionservice.cpp(139,52): error C2923: 'Trade': 'T' is not a valid template type argument for parameter 'T'
G:\Baruch MFE\software\TradingSystem\TradingSystem\positionservice.cpp(139): message : see declaration of 'T'
G:\Baruch MFE\software\TradingSystem\TradingSystem\positionservice.cpp(140,1): error C2143: syntax error: missing ';' before '{'
G:\Baruch MFE\software\TradingSystem\TradingSystem\positionservice.cpp(140,1): error C2447: '{': missing function header (old-style formal list?)
G:\Baruch MFE\software\TradingSystem\TradingSystem\positionservice.cpp(145,36): error C2988: unrecognizable template declaration/definition
G:\Baruch MFE\software\TradingSystem\TradingSystem\positionservice.cpp(145,36): error C2143: syntax error: missing ';' before '<'
G:\Baruch MFE\software\TradingSystem\TradingSystem\positionservice.cpp(145,6): error C2182: 'PositionToTradeBookingListener': this use of 'void' is not valid
G:\Baruch MFE\software\TradingSystem\TradingSystem\positionservice.cpp(145,6): error C2374: 'PositionToTradeBookingListener': redefinition; multiple initialization
G:\Baruch MFE\software\TradingSystem\TradingSystem\positionservice.cpp(145,36): error C2059: syntax error: '<'
G:\Baruch MFE\software\TradingSystem\TradingSystem\positionservice.cpp(145,41): error C2039: 'ProcessRemove': is not a member of '`global namespace''
G:\Baruch MFE\software\TradingSystem\TradingSystem\positionservice.cpp(145,61): error C2065: 'T': undeclared identifier
G:\Baruch MFE\software\TradingSystem\TradingSystem\positionservice.cpp(145,55): error C2923: 'Trade': 'T' is not a valid template type argument for parameter 'T'
G:\Baruch MFE\software\TradingSystem\TradingSystem\positionservice.cpp(145): message : see declaration of 'T'
G:\Baruch MFE\software\TradingSystem\TradingSystem\positionservice.cpp(145,72): error C2143: syntax error: missing ';' before '{'
G:\Baruch MFE\software\TradingSystem\TradingSystem\positionservice.cpp(145,72): error C2447: '{': missing function header (old-style formal list?)
G:\Baruch MFE\software\TradingSystem\TradingSystem\positionservice.cpp(148,36): error C2988: unrecognizable template declaration/definition
G:\Baruch MFE\software\TradingSystem\TradingSystem\positionservice.cpp(148,36): error C2143: syntax error: missing ';' before '<'
G:\Baruch MFE\software\TradingSystem\TradingSystem\positionservice.cpp(148,6): error C2182: 'PositionToTradeBookingListener': this use of 'void' is not valid
G:\Baruch MFE\software\TradingSystem\TradingSystem\positionservice.cpp(148,6): error C2374: 'PositionToTradeBookingListener': redefinition; multiple initialization
G:\Baruch MFE\software\TradingSystem\TradingSystem\positionservice.cpp(148,36): error C2059: syntax error: '<'
G:\Baruch MFE\software\TradingSystem\TradingSystem\positionservice.cpp(148,41): error C2039: 'ProcessUpdate': is not a member of '`global namespace''
G:\Baruch MFE\software\TradingSystem\TradingSystem\positionservice.cpp(148,61): error C2065: 'T': undeclared identifier
G:\Baruch MFE\software\TradingSystem\TradingSystem\positionservice.cpp(148,55): error C2923: 'Trade': 'T' is not a valid template type argument for parameter 'T'
G:\Baruch MFE\software\TradingSystem\TradingSystem\positionservice.cpp(148): message : see declaration of 'T'
G:\Baruch MFE\software\TradingSystem\TradingSystem\positionservice.cpp(148,72): error C2143: syntax error: missing ';' before '{'
G:\Baruch MFE\software\TradingSystem\TradingSystem\positionservice.cpp(148,72): error C2447: '{': missing function header (old-style formal list?)
  pricingservice.cpp
G:\Baruch MFE\software\TradingSystem\TradingSystem\pricingservice.cpp(5,11): error C2995: 'Price<T>::Price(const T &,double,double)': function template has already been defined
G:\Baruch MFE\software\TradingSystem\TradingSystem\pricingservice.hpp(24): message : see declaration of 'Price<T>::Price'
G:\Baruch MFE\software\TradingSystem\TradingSystem\pricingservice.cpp(13,20): error C2995: 'const T &Price<T>::GetProduct(void) const': function template has already been defined
G:\Baruch MFE\software\TradingSystem\TradingSystem\pricingservice.hpp(27): message : see declaration of 'Price<T>::GetProduct'
G:\Baruch MFE\software\TradingSystem\TradingSystem\pricingservice.cpp(19,18): error C2995: 'double Price<T>::GetMid(void) const': function template has already been defined
G:\Baruch MFE\software\TradingSystem\TradingSystem\pricingservice.hpp(30): message : see declaration of 'Price<T>::GetMid'
G:\Baruch MFE\software\TradingSystem\TradingSystem\pricingservice.cpp(25,18): error C2995: 'double Price<T>::GetBidOfferSpread(void) const': function template has already been defined
G:\Baruch MFE\software\TradingSystem\TradingSystem\pricingservice.hpp(33): message : see declaration of 'Price<T>::GetBidOfferSpread'
G:\Baruch MFE\software\TradingSystem\TradingSystem\pricingservice.cpp(31,26): error C2039: 'ToStrings': is not a member of 'Price<T>'
G:\Baruch MFE\software\TradingSystem\TradingSystem\pricingservice.cpp(32,1): error C2447: '{': missing function header (old-style formal list?)
G:\Baruch MFE\software\TradingSystem\TradingSystem\pricingservice.cpp(46,20): error C2039: '{ctor}': is not a member of 'PricingService<T>'
G:\Baruch MFE\software\TradingSystem\TradingSystem\pricingservice.cpp(47,1): error C2447: '{': missing function header (old-style formal list?)
G:\Baruch MFE\software\TradingSystem\TradingSystem\pricingservice.cpp(54,21): error C2039: '{dtor}': is not a member of 'PricingService<T>'
G:\Baruch MFE\software\TradingSystem\TradingSystem\pricingservice.cpp(54,1): error C2447: '{': missing function header (old-style formal list?)
G:\Baruch MFE\software\TradingSystem\TradingSystem\pricingservice.cpp(57,30): error C2039: 'GetData': is not a member of 'PricingService<T>'
G:\Baruch MFE\software\TradingSystem\TradingSystem\pricingservice.cpp(58,1): error C2447: '{': missing function header (old-style formal list?)
G:\Baruch MFE\software\TradingSystem\TradingSystem\pricingservice.cpp(63,25): error C2039: 'OnMessage': is not a member of 'PricingService<T>'
G:\Baruch MFE\software\TradingSystem\TradingSystem\pricingservice.cpp(64,1): error C2447: '{': missing function header (old-style formal list?)
G:\Baruch MFE\software\TradingSystem\TradingSystem\pricingservice.cpp(74,25): error C2039: 'AddListener': is not a member of 'PricingService<T>'
G:\Baruch MFE\software\TradingSystem\TradingSystem\pricingservice.cpp(75,1): error C2447: '{': missing function header (old-style formal list?)
G:\Baruch MFE\software\TradingSystem\TradingSystem\pricingservice.cpp(80,62): error C2039: 'GetListeners': is not a member of 'PricingService<T>'
G:\Baruch MFE\software\TradingSystem\TradingSystem\pricingservice.cpp(81,1): error C2447: '{': missing function header (old-style formal list?)
G:\Baruch MFE\software\TradingSystem\TradingSystem\pricingservice.cpp(86,17): error C2988: unrecognizable template declaration/definition
G:\Baruch MFE\software\TradingSystem\TradingSystem\pricingservice.cpp(86,17): error C2143: syntax error: missing ';' before '<'
G:\Baruch MFE\software\TradingSystem\TradingSystem\pricingservice.cpp(86,17): error C2059: syntax error: '<'
G:\Baruch MFE\software\TradingSystem\TradingSystem\pricingservice.cpp(86,37): error C2065: 'T': undeclared identifier
G:\Baruch MFE\software\TradingSystem\TradingSystem\pricingservice.cpp(86,22): error C2923: 'PricingService': 'T' is not a valid template type argument for parameter 'T'
G:\Baruch MFE\software\TradingSystem\TradingSystem\pricingservice.cpp(86): message : see declaration of 'T'
G:\Baruch MFE\software\TradingSystem\TradingSystem\pricingservice.cpp(87,1): error C2143: syntax error: missing ';' before '{'
G:\Baruch MFE\software\TradingSystem\TradingSystem\pricingservice.cpp(87,1): error C2447: '{': missing function header (old-style formal list?)
G:\Baruch MFE\software\TradingSystem\TradingSystem\pricingservice.cpp(95,17): error C2988: unrecognizable template declaration/definition
G:\Baruch MFE\software\TradingSystem\TradingSystem\pricingservice.cpp(95,17): error C2143: syntax error: missing ';' before '<'
G:\Baruch MFE\software\TradingSystem\TradingSystem\pricingservice.cpp(95,17): error C2059: syntax error: '<'
G:\Baruch MFE\software\TradingSystem\TradingSystem\pricingservice.cpp(95,22): error C2039: 'PricingConnector': is not a member of '`global namespace''
G:\Baruch MFE\software\TradingSystem\TradingSystem\pricingservice.cpp(95,54): error C2065: 'T': undeclared identifier
G:\Baruch MFE\software\TradingSystem\TradingSystem\pricingservice.cpp(95,39): error C2923: 'PricingService': 'T' is not a valid template type argument for parameter 'T'
G:\Baruch MFE\software\TradingSystem\TradingSystem\pricingservice.cpp(95): message : see declaration of 'T'
G:\Baruch MFE\software\TradingSystem\TradingSystem\pricingservice.cpp(96,1): error C2143: syntax error: missing ';' before '{'
G:\Baruch MFE\software\TradingSystem\TradingSystem\pricingservice.cpp(96,1): error C2447: '{': missing function header (old-style formal list?)
G:\Baruch MFE\software\TradingSystem\TradingSystem\pricingservice.cpp(101,17): error C2988: unrecognizable template declaration/definition
G:\Baruch MFE\software\TradingSystem\TradingSystem\pricingservice.cpp(101,17): error C2143: syntax error: missing ';' before '<'
G:\Baruch MFE\software\TradingSystem\TradingSystem\pricingservice.cpp(101,17): error C2059: syntax error: '<'
G:\Baruch MFE\software\TradingSystem\TradingSystem\pricingservice.cpp(101,23): error C2523: '::~PricingConnector': destructor tag mismatch
G:\Baruch MFE\software\TradingSystem\TradingSystem\pricingservice.cpp(101,23): error C2039: 'PricingConnector': is not a member of '`global namespace''
G:\Baruch MFE\software\TradingSystem\TradingSystem\pricingservice.cpp(101,42): error C2143: syntax error: missing ';' before '{'
G:\Baruch MFE\software\TradingSystem\TradingSystem\pricingservice.cpp(101,42): error C2447: '{': missing function header (old-style formal list?)
G:\Baruch MFE\software\TradingSystem\TradingSystem\pricingservice.cpp(104,22): error C2988: unrecognizable template declaration/definition
G:\Baruch MFE\software\TradingSystem\TradingSystem\pricingservice.cpp(104,22): error C2143: syntax error: missing ';' before '<'
G:\Baruch MFE\software\TradingSystem\TradingSystem\pricingservice.cpp(104,6): error C2182: 'PricingConnector': this use of 'void' is not valid
G:\Baruch MFE\software\TradingSystem\TradingSystem\pricingservice.cpp(104,22): error C2059: syntax error: '<'
G:\Baruch MFE\software\TradingSystem\TradingSystem\pricingservice.cpp(104,27): error C2039: 'Publish': is not a member of '`global namespace''
G:\Baruch MFE\software\TradingSystem\TradingSystem\pricingservice.cpp(104,41): error C2065: 'T': undeclared identifier
G:\Baruch MFE\software\TradingSystem\TradingSystem\pricingservice.cpp(104,35): error C2923: 'Price': 'T' is not a valid template type argument for parameter 'T'
G:\Baruch MFE\software\TradingSystem\TradingSystem\pricingservice.cpp(104): message : see declaration of 'T'
G:\Baruch MFE\software\TradingSystem\TradingSystem\pricingservice.cpp(104,52): error C2143: syntax error: missing ';' before '{'
G:\Baruch MFE\software\TradingSystem\TradingSystem\pricingservice.cpp(104,52): error C2447: '{': missing function header (old-style formal list?)
G:\Baruch MFE\software\TradingSystem\TradingSystem\pricingservice.cpp(107,22): error C2988: unrecognizable template declaration/definition
G:\Baruch MFE\software\TradingSystem\TradingSystem\pricingservice.cpp(107,22): error C2143: syntax error: missing ';' before '<'
G:\Baruch MFE\software\TradingSystem\TradingSystem\pricingservice.cpp(107,6): error C2182: 'PricingConnector': this use of 'void' is not valid
G:\Baruch MFE\software\TradingSystem\TradingSystem\pricingservice.cpp(107,6): error C2374: 'PricingConnector': redefinition; multiple initialization
G:\Baruch MFE\software\TradingSystem\TradingSystem\pricingservice.cpp(107,22): error C2059: syntax error: '<'
G:\Baruch MFE\software\TradingSystem\TradingSystem\pricingservice.cpp(107,27): error C2039: 'Subscribe': is not a member of '`global namespace''
G:\Baruch MFE\software\TradingSystem\TradingSystem\pricingservice.cpp(108,1): error C2143: syntax error: missing ';' before '{'
G:\Baruch MFE\software\TradingSystem\TradingSystem\pricingservice.cpp(108,1): error C2447: '{': missing function header (old-style formal list?)
  riskservice.cpp
G:\Baruch MFE\software\TradingSystem\TradingSystem\soa.hpp(79,26): error C2061: syntax error: identifier 'ifstream'
G:\Baruch MFE\software\TradingSystem\TradingSystem\soa.hpp(81): message : see reference to class template instantiation 'Connector<V>' being compiled
G:\Baruch MFE\software\TradingSystem\TradingSystem\riskservice.cpp(4,10): error C2995: 'PV01<T>::PV01(const T &,double,long)': function template has already been defined
G:\Baruch MFE\software\TradingSystem\TradingSystem\riskservice.hpp(24): message : see declaration of 'PV01<T>::PV01'
G:\Baruch MFE\software\TradingSystem\TradingSystem\riskservice.cpp(30,15): error C2039: 'SetQuantity': is not a member of 'PV01<T>'
G:\Baruch MFE\software\TradingSystem\TradingSystem\riskservice.cpp(31,1): error C2447: '{': missing function header (old-style formal list?)
G:\Baruch MFE\software\TradingSystem\TradingSystem\riskservice.cpp(36,25): error C2039: 'ToStrings': is not a member of 'PV01<T>'
G:\Baruch MFE\software\TradingSystem\TradingSystem\riskservice.cpp(37,1): error C2447: '{': missing function header (old-style formal list?)
G:\Baruch MFE\software\TradingSystem\TradingSystem\riskservice.cpp(51,20): error C2995: 'BucketedSector<T>::BucketedSector(const std::vector<T,std::allocator<_Ty>> &,std::string)': function template has already been defined
G:\Baruch MFE\software\TradingSystem\TradingSystem\riskservice.hpp(54): message : see declaration of 'BucketedSector<T>::BucketedSector'
G:\Baruch MFE\software\TradingSystem\TradingSystem\riskservice.cpp(58,37): error C2995: 'const std::vector<T,std::allocator<_Ty>> &BucketedSector<T>::GetProducts(void) const': function template has already been defined
G:\Baruch MFE\software\TradingSystem\TradingSystem\riskservice.hpp(57): message : see declaration of 'BucketedSector<T>::GetProducts'
G:\Baruch MFE\software\TradingSystem\TradingSystem\riskservice.cpp(64,34): error C2995: 'const std::string &BucketedSector<T>::GetName(void) const': function template has already been defined
G:\Baruch MFE\software\TradingSystem\TradingSystem\riskservice.hpp(60): message : see declaration of 'BucketedSector<T>::GetName'
G:\Baruch MFE\software\TradingSystem\TradingSystem\riskservice.cpp(72,17): error C2039: '{ctor}': is not a member of 'RiskService<T>'
G:\Baruch MFE\software\TradingSystem\TradingSystem\riskservice.cpp(73,1): error C2447: '{': missing function header (old-style formal list?)
G:\Baruch MFE\software\TradingSystem\TradingSystem\riskservice.cpp(80,18): error C2039: '{dtor}': is not a member of 'RiskService<T>'
G:\Baruch MFE\software\TradingSystem\TradingSystem\riskservice.cpp(80,1): error C2447: '{': missing function header (old-style formal list?)
G:\Baruch MFE\software\TradingSystem\TradingSystem\riskservice.cpp(83,26): error C2039: 'GetData': is not a member of 'RiskService<T>'
G:\Baruch MFE\software\TradingSystem\TradingSystem\riskservice.cpp(84,1): error C2447: '{': missing function header (old-style formal list?)
G:\Baruch MFE\software\TradingSystem\TradingSystem\riskservice.cpp(89,22): error C2039: 'OnMessage': is not a member of 'RiskService<T>'
G:\Baruch MFE\software\TradingSystem\TradingSystem\riskservice.cpp(90,1): error C2447: '{': missing function header (old-style formal list?)
G:\Baruch MFE\software\TradingSystem\TradingSystem\riskservice.cpp(95,22): error C2039: 'AddListener': is not a member of 'RiskService<T>'
G:\Baruch MFE\software\TradingSystem\TradingSystem\riskservice.cpp(96,1): error C2447: '{': missing function header (old-style formal list?)
G:\Baruch MFE\software\TradingSystem\TradingSystem\riskservice.cpp(101,58): error C2039: 'GetListeners': is not a member of 'RiskService<T>'
G:\Baruch MFE\software\TradingSystem\TradingSystem\riskservice.cpp(102,1): error C2447: '{': missing function header (old-style formal list?)
G:\Baruch MFE\software\TradingSystem\TradingSystem\riskservice.cpp(107,23): error C2988: unrecognizable template declaration/definition
G:\Baruch MFE\software\TradingSystem\TradingSystem\riskservice.cpp(107,23): error C2143: syntax error: missing ';' before '<'
G:\Baruch MFE\software\TradingSystem\TradingSystem\riskservice.cpp(107,23): error C2059: syntax error: '<'
G:\Baruch MFE\software\TradingSystem\TradingSystem\riskservice.cpp(107,40): error C2065: 'T': undeclared identifier
G:\Baruch MFE\software\TradingSystem\TradingSystem\riskservice.cpp(107,28): error C2923: 'RiskService': 'T' is not a valid template type argument for parameter 'T'
G:\Baruch MFE\software\TradingSystem\TradingSystem\riskservice.cpp(107): message : see declaration of 'T'
G:\Baruch MFE\software\TradingSystem\TradingSystem\riskservice.cpp(108,1): error C2143: syntax error: missing ';' before '{'
G:\Baruch MFE\software\TradingSystem\TradingSystem\riskservice.cpp(108,1): error C2447: '{': missing function header (old-style formal list?)
G:\Baruch MFE\software\TradingSystem\TradingSystem\riskservice.cpp(120,2): error C3861: 'pv01s': identifier not found
G:\Baruch MFE\software\TradingSystem\TradingSystem\riskservice.cpp(122,17): error C3861: 'listeners': identifier not found
G:\Baruch MFE\software\TradingSystem\TradingSystem\riskservice.cpp(120,2): error C2065: 'pv01s': undeclared identifier
G:\Baruch MFE\software\TradingSystem\TradingSystem\riskservice.cpp(122,17): error C2065: 'listeners': undeclared identifier
G:\Baruch MFE\software\TradingSystem\TradingSystem\riskservice.cpp(139,12): error C3861: 'pv01s': identifier not found
G:\Baruch MFE\software\TradingSystem\TradingSystem\riskservice.cpp(139,36): error C3861: 'pv01s': identifier not found
G:\Baruch MFE\software\TradingSystem\TradingSystem\riskservice.cpp(139,12): error C2065: 'pv01s': undeclared identifier
G:\Baruch MFE\software\TradingSystem\TradingSystem\riskservice.cpp(139,36): error C2065: 'pv01s': undeclared identifier
G:\Baruch MFE\software\TradingSystem\TradingSystem\riskservice.cpp(148,23): error C2988: unrecognizable template declaration/definition
G:\Baruch MFE\software\TradingSystem\TradingSystem\riskservice.cpp(148,23): error C2143: syntax error: missing ';' before '<'
G:\Baruch MFE\software\TradingSystem\TradingSystem\riskservice.cpp(148,23): error C2059: syntax error: '<'
G:\Baruch MFE\software\TradingSystem\TradingSystem\riskservice.cpp(148,28): error C2039: 'RiskToPositionListener': is not a member of '`global namespace''
G:\Baruch MFE\software\TradingSystem\TradingSystem\riskservice.cpp(148,63): error C2065: 'T': undeclared identifier
G:\Baruch MFE\software\TradingSystem\TradingSystem\riskservice.cpp(148,51): error C2923: 'RiskService': 'T' is not a valid template type argument for parameter 'T'
G:\Baruch MFE\software\TradingSystem\TradingSystem\riskservice.cpp(148): message : see declaration of 'T'
G:\Baruch MFE\software\TradingSystem\TradingSystem\riskservice.cpp(149,1): error C2143: syntax error: missing ';' before '{'
G:\Baruch MFE\software\TradingSystem\TradingSystem\riskservice.cpp(149,1): error C2447: '{': missing function header (old-style formal list?)
G:\Baruch MFE\software\TradingSystem\TradingSystem\riskservice.cpp(154,23): error C2988: unrecognizable template declaration/definition
G:\Baruch MFE\software\TradingSystem\TradingSystem\riskservice.cpp(154,23): error C2143: syntax error: missing ';' before '<'
G:\Baruch MFE\software\TradingSystem\TradingSystem\riskservice.cpp(154,23): error C2059: syntax error: '<'
G:\Baruch MFE\software\TradingSystem\TradingSystem\riskservice.cpp(154,29): error C2523: '::~RiskToPositionListener': destructor tag mismatch
G:\Baruch MFE\software\TradingSystem\TradingSystem\riskservice.cpp(154,29): error C2039: 'RiskToPositionListener': is not a member of '`global namespace''
G:\Baruch MFE\software\TradingSystem\TradingSystem\riskservice.cpp(154,54): error C2143: syntax error: missing ';' before '{'
G:\Baruch MFE\software\TradingSystem\TradingSystem\riskservice.cpp(154,54): error C2447: '{': missing function header (old-style formal list?)
G:\Baruch MFE\software\TradingSystem\TradingSystem\riskservice.cpp(157,28): error C2988: unrecognizable template declaration/definition
G:\Baruch MFE\software\TradingSystem\TradingSystem\riskservice.cpp(157,28): error C2143: syntax error: missing ';' before '<'
G:\Baruch MFE\software\TradingSystem\TradingSystem\riskservice.cpp(157,6): error C2182: 'RiskToPositionListener': this use of 'void' is not valid
G:\Baruch MFE\software\TradingSystem\TradingSystem\riskservice.cpp(157,28): error C2059: syntax error: '<'
G:\Baruch MFE\software\TradingSystem\TradingSystem\riskservice.cpp(157,33): error C2039: 'ProcessAdd': is not a member of '`global namespace''
G:\Baruch MFE\software\TradingSystem\TradingSystem\riskservice.cpp(157,53): error C2065: 'T': undeclared identifier
G:\Baruch MFE\software\TradingSystem\TradingSystem\riskservice.cpp(157,44): error C2923: 'Position': 'T' is not a valid template type argument for parameter 'T'
G:\Baruch MFE\software\TradingSystem\TradingSystem\riskservice.cpp(157): message : see declaration of 'T'
G:\Baruch MFE\software\TradingSystem\TradingSystem\riskservice.cpp(158,1): error C2143: syntax error: missing ';' before '{'
G:\Baruch MFE\software\TradingSystem\TradingSystem\riskservice.cpp(158,1): error C2447: '{': missing function header (old-style formal list?)
G:\Baruch MFE\software\TradingSystem\TradingSystem\riskservice.cpp(163,28): error C2988: unrecognizable template declaration/definition
G:\Baruch MFE\software\TradingSystem\TradingSystem\riskservice.cpp(163,28): error C2143: syntax error: missing ';' before '<'
G:\Baruch MFE\software\TradingSystem\TradingSystem\riskservice.cpp(163,6): error C2182: 'RiskToPositionListener': this use of 'void' is not valid
G:\Baruch MFE\software\TradingSystem\TradingSystem\riskservice.cpp(163,6): error C2374: 'RiskToPositionListener': redefinition; multiple initialization
G:\Baruch MFE\software\TradingSystem\TradingSystem\riskservice.cpp(163,28): error C2059: syntax error: '<'
G:\Baruch MFE\software\TradingSystem\TradingSystem\riskservice.cpp(163,33): error C2039: 'ProcessRemove': is not a member of '`global namespace''
G:\Baruch MFE\software\TradingSystem\TradingSystem\riskservice.cpp(163,56): error C2065: 'T': undeclared identifier
G:\Baruch MFE\software\TradingSystem\TradingSystem\riskservice.cpp(163,47): error C2923: 'Position': 'T' is not a valid template type argument for parameter 'T'
G:\Baruch MFE\software\TradingSystem\TradingSystem\riskservice.cpp(163): message : see declaration of 'T'
G:\Baruch MFE\software\TradingSystem\TradingSystem\riskservice.cpp(163,67): error C2143: syntax error: missing ';' before '{'
G:\Baruch MFE\software\TradingSystem\TradingSystem\riskservice.cpp(163,67): error C2447: '{': missing function header (old-style formal list?)
G:\Baruch MFE\software\TradingSystem\TradingSystem\riskservice.cpp(166,28): error C2988: unrecognizable template declaration/definition
G:\Baruch MFE\software\TradingSystem\TradingSystem\riskservice.cpp(166,28): error C2143: syntax error: missing ';' before '<'
G:\Baruch MFE\software\TradingSystem\TradingSystem\riskservice.cpp(166,6): error C2182: 'RiskToPositionListener': this use of 'void' is not valid
G:\Baruch MFE\software\TradingSystem\TradingSystem\riskservice.cpp(166,6): error C2374: 'RiskToPositionListener': redefinition; multiple initialization
G:\Baruch MFE\software\TradingSystem\TradingSystem\riskservice.cpp(166,28): error C2059: syntax error: '<'
G:\Baruch MFE\software\TradingSystem\TradingSystem\riskservice.cpp(166,33): error C2039: 'ProcessUpdate': is not a member of '`global namespace''
G:\Baruch MFE\software\TradingSystem\TradingSystem\riskservice.cpp(166,56): error C2065: 'T': undeclared identifier
G:\Baruch MFE\software\TradingSystem\TradingSystem\riskservice.cpp(166,47): error C2923: 'Position': 'T' is not a valid template type argument for parameter 'T'
G:\Baruch MFE\software\TradingSystem\TradingSystem\riskservice.cpp(166): message : see declaration of 'T'
G:\Baruch MFE\software\TradingSystem\TradingSystem\riskservice.cpp(166,67): error C2143: syntax error: missing ';' before '{'
G:\Baruch MFE\software\TradingSystem\TradingSystem\riskservice.cpp(166,67): error C2447: '{': missing function header (old-style formal list?)
  tradebookingservice.cpp
G:\Baruch MFE\software\TradingSystem\TradingSystem\tradebookingservice.cpp(4,11): error C2995: 'Trade<T>::Trade(const T &,std::string,double,std::string,long,Side)': function template has already been defined
G:\Baruch MFE\software\TradingSystem\TradingSystem\tradebookingservice.hpp(28): message : see declaration of 'Trade<T>::Trade'
G:\Baruch MFE\software\TradingSystem\TradingSystem\tradebookingservice.cpp(15,20): error C2995: 'const T &Trade<T>::GetProduct(void) const': function template has already been defined
G:\Baruch MFE\software\TradingSystem\TradingSystem\tradebookingservice.hpp(31): message : see declaration of 'Trade<T>::GetProduct'
G:\Baruch MFE\software\TradingSystem\TradingSystem\tradebookingservice.cpp(21,25): error C2995: 'const std::string &Trade<T>::GetTradeId(void) const': function template has already been defined
G:\Baruch MFE\software\TradingSystem\TradingSystem\tradebookingservice.hpp(34): message : see declaration of 'Trade<T>::GetTradeId'
G:\Baruch MFE\software\TradingSystem\TradingSystem\tradebookingservice.cpp(27,18): error C2995: 'double Trade<T>::GetPrice(void) const': function template has already been defined
G:\Baruch MFE\software\TradingSystem\TradingSystem\tradebookingservice.hpp(37): message : see declaration of 'Trade<T>::GetPrice'
G:\Baruch MFE\software\TradingSystem\TradingSystem\tradebookingservice.cpp(33,25): error C2995: 'const std::string &Trade<T>::GetBook(void) const': function template has already been defined
G:\Baruch MFE\software\TradingSystem\TradingSystem\tradebookingservice.hpp(40): message : see declaration of 'Trade<T>::GetBook'
G:\Baruch MFE\software\TradingSystem\TradingSystem\tradebookingservice.cpp(39,16): error C2995: 'long Trade<T>::GetQuantity(void) const': function template has already been defined
G:\Baruch MFE\software\TradingSystem\TradingSystem\tradebookingservice.hpp(43): message : see declaration of 'Trade<T>::GetQuantity'
G:\Baruch MFE\software\TradingSystem\TradingSystem\tradebookingservice.cpp(45,16): error C2995: 'Side Trade<T>::GetSide(void) const': function template has already been defined
G:\Baruch MFE\software\TradingSystem\TradingSystem\tradebookingservice.hpp(46): message : see declaration of 'Trade<T>::GetSide'
G:\Baruch MFE\software\TradingSystem\TradingSystem\tradebookingservice.cpp(52,25): error C2039: '{ctor}': is not a member of 'TradeBookingService<T>'
G:\Baruch MFE\software\TradingSystem\TradingSystem\tradebookingservice.cpp(53,1): error C2447: '{': missing function header (old-style formal list?)
G:\Baruch MFE\software\TradingSystem\TradingSystem\tradebookingservice.cpp(61,26): error C2039: '{dtor}': is not a member of 'TradeBookingService<T>'
G:\Baruch MFE\software\TradingSystem\TradingSystem\tradebookingservice.cpp(61,1): error C2447: '{': missing function header (old-style formal list?)
G:\Baruch MFE\software\TradingSystem\TradingSystem\tradebookingservice.cpp(64,35): error C2039: 'GetData': is not a member of 'TradeBookingService<T>'
G:\Baruch MFE\software\TradingSystem\TradingSystem\tradebookingservice.cpp(65,1): error C2447: '{': missing function header (old-style formal list?)
G:\Baruch MFE\software\TradingSystem\TradingSystem\tradebookingservice.cpp(70,30): error C2039: 'OnMessage': is not a member of 'TradeBookingService<T>'
G:\Baruch MFE\software\TradingSystem\TradingSystem\tradebookingservice.cpp(71,1): error C2447: '{': missing function header (old-style formal list?)
G:\Baruch MFE\software\TradingSystem\TradingSystem\tradebookingservice.cpp(81,30): error C2039: 'AddListener': is not a member of 'TradeBookingService<T>'
G:\Baruch MFE\software\TradingSystem\TradingSystem\tradebookingservice.cpp(82,1): error C2447: '{': missing function header (old-style formal list?)
G:\Baruch MFE\software\TradingSystem\TradingSystem\tradebookingservice.cpp(87,67): error C2039: 'GetListeners': is not a member of 'TradeBookingService<T>'
G:\Baruch MFE\software\TradingSystem\TradingSystem\tradebookingservice.cpp(88,1): error C2447: '{': missing function header (old-style formal list?)
G:\Baruch MFE\software\TradingSystem\TradingSystem\tradebookingservice.cpp(93,22): error C2988: unrecognizable template declaration/definition
G:\Baruch MFE\software\TradingSystem\TradingSystem\tradebookingservice.cpp(93,22): error C2143: syntax error: missing ';' before '<'
G:\Baruch MFE\software\TradingSystem\TradingSystem\tradebookingservice.cpp(93,22): error C2059: syntax error: '<'
G:\Baruch MFE\software\TradingSystem\TradingSystem\tradebookingservice.cpp(93,47): error C2065: 'T': undeclared identifier
G:\Baruch MFE\software\TradingSystem\TradingSystem\tradebookingservice.cpp(93,27): error C2923: 'TradeBookingService': 'T' is not a valid template type argument for parameter 'T'
G:\Baruch MFE\software\TradingSystem\TradingSystem\tradebookingservice.cpp(93): message : see declaration of 'T'
G:\Baruch MFE\software\TradingSystem\TradingSystem\tradebookingservice.cpp(94,1): error C2143: syntax error: missing ';' before '{'
G:\Baruch MFE\software\TradingSystem\TradingSystem\tradebookingservice.cpp(94,1): error C2447: '{': missing function header (old-style formal list?)
G:\Baruch MFE\software\TradingSystem\TradingSystem\tradebookingservice.cpp(99,32): error C2988: unrecognizable template declaration/definition
G:\Baruch MFE\software\TradingSystem\TradingSystem\tradebookingservice.cpp(99,32): error C2143: syntax error: missing ';' before '<'
G:\Baruch MFE\software\TradingSystem\TradingSystem\tradebookingservice.cpp(99,32): error C2059: syntax error: '<'
G:\Baruch MFE\software\TradingSystem\TradingSystem\tradebookingservice.cpp(99,57): error C2065: 'T': undeclared identifier
G:\Baruch MFE\software\TradingSystem\TradingSystem\tradebookingservice.cpp(99,37): error C2923: 'TradeBookingService': 'T' is not a valid template type argument for parameter 'T'
G:\Baruch MFE\software\TradingSystem\TradingSystem\tradebookingservice.cpp(99): message : see declaration of 'T'
G:\Baruch MFE\software\TradingSystem\TradingSystem\tradebookingservice.cpp(100,1): error C2143: syntax error: missing ';' before '{'
G:\Baruch MFE\software\TradingSystem\TradingSystem\tradebookingservice.cpp(100,1): error C2447: '{': missing function header (old-style formal list?)
G:\Baruch MFE\software\TradingSystem\TradingSystem\tradebookingservice.cpp(106,1): error C2244: 'TradeBookingService<T>::BookTrade': unable to match function definition to an existing declaration
G:\Baruch MFE\software\TradingSystem\TradingSystem\tradebookingservice.cpp(105): message : see declaration of 'TradeBookingService<T>::BookTrade'
G:\Baruch MFE\software\TradingSystem\TradingSystem\tradebookingservice.cpp(106,1): message : definition
G:\Baruch MFE\software\TradingSystem\TradingSystem\tradebookingservice.cpp(106,1): message : 'void TradeBookingService<T>::BookTrade(Trade<T> &)'
G:\Baruch MFE\software\TradingSystem\TradingSystem\tradebookingservice.cpp(106,1): message : existing declarations
G:\Baruch MFE\software\TradingSystem\TradingSystem\tradebookingservice.cpp(106,1): message : 'void TradeBookingService<T>::BookTrade(const Trade<T> &)'
G:\Baruch MFE\software\TradingSystem\TradingSystem\tradebookingservice.cpp(115,22): error C2988: unrecognizable template declaration/definition
G:\Baruch MFE\software\TradingSystem\TradingSystem\tradebookingservice.cpp(115,22): error C2143: syntax error: missing ';' before '<'
G:\Baruch MFE\software\TradingSystem\TradingSystem\tradebookingservice.cpp(115,22): error C2059: syntax error: '<'
G:\Baruch MFE\software\TradingSystem\TradingSystem\tradebookingservice.cpp(115,27): error C2039: 'TradeBookingConnector': is not a member of '`global namespace''
G:\Baruch MFE\software\TradingSystem\TradingSystem\tradebookingservice.cpp(115,69): error C2065: 'T': undeclared identifier
G:\Baruch MFE\software\TradingSystem\TradingSystem\tradebookingservice.cpp(115,49): error C2923: 'TradeBookingService': 'T' is not a valid template type argument for parameter 'T'
G:\Baruch MFE\software\TradingSystem\TradingSystem\tradebookingservice.cpp(115): message : see declaration of 'T'
G:\Baruch MFE\software\TradingSystem\TradingSystem\tradebookingservice.cpp(116,1): error C2143: syntax error: missing ';' before '{'
G:\Baruch MFE\software\TradingSystem\TradingSystem\tradebookingservice.cpp(116,1): error C2447: '{': missing function header (old-style formal list?)
G:\Baruch MFE\software\TradingSystem\TradingSystem\tradebookingservice.cpp(121,22): error C2988: unrecognizable template declaration/definition
G:\Baruch MFE\software\TradingSystem\TradingSystem\tradebookingservice.cpp(121,22): error C2143: syntax error: missing ';' before '<'
G:\Baruch MFE\software\TradingSystem\TradingSystem\tradebookingservice.cpp(121,22): error C2059: syntax error: '<'
G:\Baruch MFE\software\TradingSystem\TradingSystem\tradebookingservice.cpp(121,28): error C2523: '::~TradeBookingConnector': destructor tag mismatch
G:\Baruch MFE\software\TradingSystem\TradingSystem\tradebookingservice.cpp(121,28): error C2039: 'TradeBookingConnector': is not a member of '`global namespace''
G:\Baruch MFE\software\TradingSystem\TradingSystem\tradebookingservice.cpp(121,52): error C2143: syntax error: missing ';' before '{'
G:\Baruch MFE\software\TradingSystem\TradingSystem\tradebookingservice.cpp(121,52): error C2447: '{': missing function header (old-style formal list?)
G:\Baruch MFE\software\TradingSystem\TradingSystem\tradebookingservice.cpp(124,27): error C2988: unrecognizable template declaration/definition
G:\Baruch MFE\software\TradingSystem\TradingSystem\tradebookingservice.cpp(124,27): error C2143: syntax error: missing ';' before '<'
G:\Baruch MFE\software\TradingSystem\TradingSystem\tradebookingservice.cpp(124,6): error C2182: 'TradeBookingConnector': this use of 'void' is not valid
G:\Baruch MFE\software\TradingSystem\TradingSystem\tradebookingservice.cpp(124,27): error C2059: syntax error: '<'
G:\Baruch MFE\software\TradingSystem\TradingSystem\tradebookingservice.cpp(124,32): error C2039: 'Publish': is not a member of '`global namespace''
G:\Baruch MFE\software\TradingSystem\TradingSystem\tradebookingservice.cpp(124,46): error C2065: 'T': undeclared identifier
G:\Baruch MFE\software\TradingSystem\TradingSystem\tradebookingservice.cpp(124,40): error C2923: 'Trade': 'T' is not a valid template type argument for parameter 'T'
G:\Baruch MFE\software\TradingSystem\TradingSystem\tradebookingservice.cpp(124): message : see declaration of 'T'
G:\Baruch MFE\software\TradingSystem\TradingSystem\tradebookingservice.cpp(124,57): error C2143: syntax error: missing ';' before '{'
G:\Baruch MFE\software\TradingSystem\TradingSystem\tradebookingservice.cpp(124,57): error C2447: '{': missing function header (old-style formal list?)
G:\Baruch MFE\software\TradingSystem\TradingSystem\tradebookingservice.cpp(127,27): error C2988: unrecognizable template declaration/definition
G:\Baruch MFE\software\TradingSystem\TradingSystem\tradebookingservice.cpp(127,27): error C2143: syntax error: missing ';' before '<'
G:\Baruch MFE\software\TradingSystem\TradingSystem\tradebookingservice.cpp(127,6): error C2182: 'TradeBookingConnector': this use of 'void' is not valid
G:\Baruch MFE\software\TradingSystem\TradingSystem\tradebookingservice.cpp(127,6): error C2374: 'TradeBookingConnector': redefinition; multiple initialization
G:\Baruch MFE\software\TradingSystem\TradingSystem\tradebookingservice.cpp(127,27): error C2059: syntax error: '<'
G:\Baruch MFE\software\TradingSystem\TradingSystem\tradebookingservice.cpp(127,32): error C2039: 'Subscribe': is not a member of '`global namespace''
G:\Baruch MFE\software\TradingSystem\TradingSystem\tradebookingservice.cpp(128,1): error C2143: syntax error: missing ';' before '{'
G:\Baruch MFE\software\TradingSystem\TradingSystem\tradebookingservice.cpp(128,1): error C2447: '{': missing function header (old-style formal list?)
G:\Baruch MFE\software\TradingSystem\TradingSystem\tradebookingservice.cpp(156,32): error C2988: unrecognizable template declaration/definition
G:\Baruch MFE\software\TradingSystem\TradingSystem\tradebookingservice.cpp(156,32): error C2143: syntax error: missing ';' before '<'
G:\Baruch MFE\software\TradingSystem\TradingSystem\tradebookingservice.cpp(156,32): error C2059: syntax error: '<'
G:\Baruch MFE\software\TradingSystem\TradingSystem\tradebookingservice.cpp(156,37): error C2039: 'TradeBookingToExecutionListener': is not a member of '`global namespace''
G:\Baruch MFE\software\TradingSystem\TradingSystem\tradebookingservice.cpp(156,89): error C2065: 'T': undeclared identifier
G:\Baruch MFE\software\TradingSystem\TradingSystem\tradebookingservice.cpp(156,69): error C2923: 'TradeBookingService': 'T' is not a valid template type argument for parameter 'T'
G:\Baruch MFE\software\TradingSystem\TradingSystem\tradebookingservice.cpp(156): message : see declaration of 'T'
G:\Baruch MFE\software\TradingSystem\TradingSystem\tradebookingservice.cpp(157,1): error C2143: syntax error: missing ';' before '{'
G:\Baruch MFE\software\TradingSystem\TradingSystem\tradebookingservice.cpp(157,1): error C2447: '{': missing function header (old-style formal list?)
G:\Baruch MFE\software\TradingSystem\TradingSystem\tradebookingservice.cpp(163,32): error C2988: unrecognizable template declaration/definition
G:\Baruch MFE\software\TradingSystem\TradingSystem\tradebookingservice.cpp(163,32): error C2143: syntax error: missing ';' before '<'
G:\Baruch MFE\software\TradingSystem\TradingSystem\tradebookingservice.cpp(163,32): error C2059: syntax error: '<'
G:\Baruch MFE\software\TradingSystem\TradingSystem\tradebookingservice.cpp(163,38): error C2523: '::~TradeBookingToExecutionListener': destructor tag mismatch
G:\Baruch MFE\software\TradingSystem\TradingSystem\tradebookingservice.cpp(163,38): error C2039: 'TradeBookingToExecutionListener': is not a member of '`global namespace''
G:\Baruch MFE\software\TradingSystem\TradingSystem\tradebookingservice.cpp(163,72): error C2143: syntax error: missing ';' before '{'
G:\Baruch MFE\software\TradingSystem\TradingSystem\tradebookingservice.cpp(163,72): error C2447: '{': missing function header (old-style formal list?)
G:\Baruch MFE\software\TradingSystem\TradingSystem\tradebookingservice.cpp(166,37): error C2988: unrecognizable template declaration/definition
G:\Baruch MFE\software\TradingSystem\TradingSystem\tradebookingservice.cpp(166,37): error C2143: syntax error: missing ';' before '<'
G:\Baruch MFE\software\TradingSystem\TradingSystem\tradebookingservice.cpp(166,6): error C2182: 'TradeBookingToExecutionListener': this use of 'void' is not valid
G:\Baruch MFE\software\TradingSystem\TradingSystem\tradebookingservice.cpp(166,37): error C2059: syntax error: '<'
G:\Baruch MFE\software\TradingSystem\TradingSystem\tradebookingservice.cpp(166,42): error C2039: 'ProcessAdd': is not a member of '`global namespace''
G:\Baruch MFE\software\TradingSystem\TradingSystem\tradebookingservice.cpp(167,1): error C2143: syntax error: missing ';' before '{'
G:\Baruch MFE\software\TradingSystem\TradingSystem\tradebookingservice.cpp(167,1): error C2447: '{': missing function header (old-style formal list?)
G:\Baruch MFE\software\TradingSystem\TradingSystem\tradebookingservice.cpp(207,37): error C2988: unrecognizable template declaration/definition
G:\Baruch MFE\software\TradingSystem\TradingSystem\tradebookingservice.cpp(207,37): error C2143: syntax error: missing ';' before '<'
G:\Baruch MFE\software\TradingSystem\TradingSystem\tradebookingservice.cpp(207,6): error C2182: 'TradeBookingToExecutionListener': this use of 'void' is not valid
G:\Baruch MFE\software\TradingSystem\TradingSystem\tradebookingservice.cpp(207,6): error C2374: 'TradeBookingToExecutionListener': redefinition; multiple initialization
G:\Baruch MFE\software\TradingSystem\TradingSystem\tradebookingservice.cpp(207,37): error C2059: syntax error: '<'
G:\Baruch MFE\software\TradingSystem\TradingSystem\tradebookingservice.cpp(207,42): error C2039: 'ProcessRemove': is not a member of '`global namespace''
G:\Baruch MFE\software\TradingSystem\TradingSystem\tradebookingservice.cpp(207,82): error C2143: syntax error: missing ';' before '{'
G:\Baruch MFE\software\TradingSystem\TradingSystem\tradebookingservice.cpp(207,82): error C2447: '{': missing function header (old-style formal list?)
G:\Baruch MFE\software\TradingSystem\TradingSystem\tradebookingservice.cpp(210,37): error C2988: unrecognizable template declaration/definition
G:\Baruch MFE\software\TradingSystem\TradingSystem\tradebookingservice.cpp(210,37): error C2143: syntax error: missing ';' before '<'
G:\Baruch MFE\software\TradingSystem\TradingSystem\tradebookingservice.cpp(210,6): error C2182: 'TradeBookingToExecutionListener': this use of 'void' is not valid
G:\Baruch MFE\software\TradingSystem\TradingSystem\tradebookingservice.cpp(210,6): error C2374: 'TradeBookingToExecutionListener': redefinition; multiple initialization
G:\Baruch MFE\software\TradingSystem\TradingSystem\tradebookingservice.cpp(210,37): error C2059: syntax error: '<'
G:\Baruch MFE\software\TradingSystem\TradingSystem\tradebookingservice.cpp(210,1): fatal  error C1003: error count exceeds 100; stopping compilation
  Generating Code...
